Start testing: Mar 18 12:31 CET
----------------------------------------------------------
1/27 Testing: pism_testing_tools:test_regression_tools.py
1/27 Test: pism_testing_tools:test_regression_tools.py
Command: "/home/beckmann/pism/test/regression/test_regression_tools.py" "/home/beckmann/pism/build" "/p/system/packages/intel/parallel_studio_xe_2018_update1/compilers_and_libraries_2018.1.163/linux/mpi/intel64/bin/mpiexec" "/home/beckmann/pism"
Directory: /home/beckmann/pism/build/test/regression
"pism_testing_tools:test_regression_tools.py" start time: Mar 18 12:31 CET
Output:
----------------------------------------------------------
/p/system/packages/nco/4.6.8/bin/ncpdq
/p/system/packages/nco/4.6.8/bin/ncap2
/p/system/packages/nco/4.6.8/bin/ncks
/p/system/packages/nco/4.6.8/bin/ncrename
/usr/bin/diff
/usr/bin/rm
/usr/bin/cp
Test # 0: presence of tools and Python modules needed by other tests.
Looking for ncpdq...
Looking for ncap2...
Looking for ncks...
Looking for ncrename...
Looking for diff...
Looking for rm...
Looking for cp...
Trying to import numpy...
OK.
Trying to import sys...
OK.
Trying to import netCDF4...
OK.
<end of output>
Test time =   1.48 sec
----------------------------------------------------------
Test Passed.
"pism_testing_tools:test_regression_tools.py" end time: Mar 18 12:31 CET
"pism_testing_tools:test_regression_tools.py" time elapsed: 00:00:01
----------------------------------------------------------

2/27 Testing: pismr_exact_restartability_SIA_only:test_01.sh
2/27 Test: pismr_exact_restartability_SIA_only:test_01.sh
Command: "/home/beckmann/pism/test/regression/test_01.sh" "/home/beckmann/pism/build" "/p/system/packages/intel/parallel_studio_xe_2018_update1/compilers_and_libraries_2018.1.163/linux/mpi/intel64/bin/mpiexec" "/home/beckmann/pism"
Directory: /home/beckmann/pism/build/test/regression
"pismr_exact_restartability_SIA_only:test_01.sh" start time: Mar 18 12:31 CET
Output:
----------------------------------------------------------
Test # 1: pismr exact restartability (SIA only).
+ /home/beckmann/pism/build/pisms -energy enthalpy -Mx 6 -My 6 -Mz 5 -y 5000 -max_dt 500.0 -o baz-01.nc
Reading configuration parameters (pism_config) from file '/home/beckmann/pism/build/pism_config.nc'.
PISMS (simplified geometry mode) stable v1.1.3 committed by Constantine Khrulev on 2019-03-14 10:58:04 -0800
* Run time: [0.000, 5000.000]  (5000.000 years, using the 'none' calendar)
# Allocating the geometry evolution model...
# Allocating an iceberg remover (part of a calving model)...
# Allocating a stress balance model...
# Allocating an energy balance model...
# Allocating a subglacial hydrology model...
# Allocating a basal yield stress model...
# Allocating a bedrock thermal layer model...
# Allocating a bed deformation model...
initializing variables from EISMINT II experiment A formulas... 
* Using constant (zero) sea level...
* Performing a 'fake' sea level forcing time-step for bootstrapping...
* Initializing the dummy (no-op) bed deformation model...
* Performing a 'fake' ocean model time-step for bootstrapping...
setting parameters for surface mass balance and temperature in EISMINT II experiment A ... 
* Performing a 'fake' surface model time-step for bootstrapping...
* Initializing the null-transport (till only) subglacial hydrology model ...
* Initializing the minimal model for lithosphere:
  stored time-independent geothermal flux applied to ice base...
  using constant geothermal flux 0.042000 W m-2 ...
* Bootstrapping the enthalpy-based energy balance model...
 - Filling 3D ice temperatures using surface temperature (and mass balance for velocity estimate)...
* Initializing the SIA stress balance modifier...
  [using the Paterson-Budd flow law]
computational domain and grid:
                grid size   6 x 6 x 5
           spatial domain   1500.00 km x 1500.00 km x 4000.00 m
     horizontal grid cell   300000 m x 300000 m
  vertical spacing in ice   uneven, 5 levels, 437.500 m < dz < 1562.500 m

WARNING: output variables bwatvel,tauc are not available!

running forward ...
P         time:       ivol      iarea  max_diffusivity  max_hor_vel
U         year   10^6_km^3  10^6_km^2         m^2 s^-1       m/year
S        0.000:    0.00000    3.24000          0.00000      0.00000
$v$Eh  energy (overrides max) (dt=500.00000)
S      500.000:    0.09000    3.24000          0.00000      0.00000
$v$Eh  energy (overrides max) (dt=500.00000)
S     1000.000:    0.18000    3.24000          0.00000      0.00000
$v$Eh  energy (overrides max) (dt=500.00000)
S     1500.000:    0.27000    3.24000          0.00000      0.00000
$v$Eh  energy (overrides max) (dt=500.00000)
S     2000.000:    0.36000    3.24000          0.00001      0.00000
$v$Eh  energy (overrides max) (dt=500.00000)
S     2500.000:    0.45000    3.24000          0.00006      0.00000
$v$Eh  energy (overrides max) (dt=500.00000)
S     3000.000:    0.53999    3.24000          0.00030      0.00000
$v$Eh  energy (overrides max) (dt=500.00000)
S     3500.000:    0.62995    3.24000          0.00111      0.00000
$v$Eh  energy (overrides max) (dt=500.00000)
S     4000.000:    0.71983    3.24000          0.00338      0.00000
$v$Eh  energy (overrides max) (dt=500.00000)
S     4500.000:    0.80948    3.24000          0.00895      0.00000
$v$Eh  end of the run (overrides energy) (dt=500.00000)
S     5000.000:    0.89857    3.24000          0.02132      0.00000
... done with run 
Writing model state to file `baz-01.nc'...
+ /home/beckmann/pism/build/pisms -i baz-01.nc -max_dt 1 -o_size small -energy enthalpy -y 10 -o foo-01.nc
Reading configuration parameters (pism_config) from file '/home/beckmann/pism/build/pism_config.nc'.
PISMS (simplified geometry mode) stable v1.1.3 committed by Constantine Khrulev on 2019-03-14 10:58:04 -0800
* Time t = 5000.000 found in 'baz-01.nc'; setting current time
* Run time: [5000.000, 5010.000]  (10.000 years, using the 'none' calendar)
# Allocating the geometry evolution model...
# Allocating an iceberg remover (part of a calving model)...
# Allocating a stress balance model...
# Allocating an energy balance model...
# Allocating a subglacial hydrology model...
# Allocating a basal yield stress model...
# Allocating a bedrock thermal layer model...
# Allocating a bed deformation model...
initializing 2D fields from NetCDF file 'baz-01.nc'...
* Using constant (zero) sea level...
* Reading effective sea level forcing from 'baz-01.nc' for re-starting...
* Initializing the dummy (no-op) bed deformation model...
    reading bed topography and uplift from baz-01.nc ... 
* Reading effective ocean model outputs from 'baz-01.nc' for re-starting...
setting parameters for surface mass balance and temperature in EISMINT II experiment A ... 
* Reading effective surface model outputs from 'baz-01.nc' for re-starting...
* Initializing the null-transport (till only) subglacial hydrology model ...
* Initializing the minimal model for lithosphere:
  stored time-independent geothermal flux applied to ice base...
* Restarting the enthalpy-based energy balance model from baz-01.nc...
* Initializing the SIA stress balance modifier...
  [using the Paterson-Budd flow law]
computational domain and grid:
                grid size   6 x 6 x 5
           spatial domain   1500.00 km x 1500.00 km x 4000.00 m
     horizontal grid cell   300000 m x 300000 m
  vertical spacing in ice   uneven, 5 levels, 437.500 m < dz < 1562.500 m
running forward ...
P         time:       ivol      iarea  max_diffusivity  max_hor_vel
U         year   10^6_km^3  10^6_km^2         m^2 s^-1       m/year
S     5000.000:    0.89857    3.24000          0.00000      0.00000
$v$Eh  energy (overrides max) (dt=1.00000)
S     5001.000:    0.89874    3.24000          0.04652      0.00000
$v$Eh  energy (overrides max) (dt=1.00000)
S     5002.000:    0.89892    3.24000          0.04699      0.00000
$v$Eh  energy (overrides max) (dt=1.00000)
S     5003.000:    0.89909    3.24000          0.04744      0.00000
$v$Eh  energy (overrides max) (dt=1.00000)
S     5004.000:    0.89927    3.24000          0.04787      0.00000
$v$Eh  energy (overrides max) (dt=1.00000)
S     5005.000:    0.89945    3.24000          0.04828      0.00000
$v$Eh  energy (overrides max) (dt=1.00000)
S     5006.000:    0.89962    3.24000          0.04868      0.00000
$v$Eh  energy (overrides max) (dt=1.00000)
S     5007.000:    0.89980    3.24000          0.04906      0.00000
$v$Eh  energy (overrides max) (dt=1.00000)
S     5008.000:    0.89997    3.24000          0.04943      0.00000
$v$Eh  energy (overrides max) (dt=1.00000)
S     5009.000:    0.90015    3.24000          0.04978      0.00000
$v$Eh  energy (overrides max) (dt=1.00000)
S     5010.000:    0.90032    3.24000          0.05013      0.00000
... done with run 
Writing model state to file `foo-01.nc'...
+ /home/beckmann/pism/build/pisms -i baz-01.nc -max_dt 1 -o_size small -energy enthalpy -y 5 -o joe-01.nc
Reading configuration parameters (pism_config) from file '/home/beckmann/pism/build/pism_config.nc'.
PISMS (simplified geometry mode) stable v1.1.3 committed by Constantine Khrulev on 2019-03-14 10:58:04 -0800
* Time t = 5000.000 found in 'baz-01.nc'; setting current time
* Run time: [5000.000, 5005.000]  (5.000 years, using the 'none' calendar)
# Allocating the geometry evolution model...
# Allocating an iceberg remover (part of a calving model)...
# Allocating a stress balance model...
# Allocating an energy balance model...
# Allocating a subglacial hydrology model...
# Allocating a basal yield stress model...
# Allocating a bedrock thermal layer model...
# Allocating a bed deformation model...
initializing 2D fields from NetCDF file 'baz-01.nc'...
* Using constant (zero) sea level...
* Reading effective sea level forcing from 'baz-01.nc' for re-starting...
* Initializing the dummy (no-op) bed deformation model...
    reading bed topography and uplift from baz-01.nc ... 
* Reading effective ocean model outputs from 'baz-01.nc' for re-starting...
setting parameters for surface mass balance and temperature in EISMINT II experiment A ... 
* Reading effective surface model outputs from 'baz-01.nc' for re-starting...
* Initializing the null-transport (till only) subglacial hydrology model ...
* Initializing the minimal model for lithosphere:
  stored time-independent geothermal flux applied to ice base...
* Restarting the enthalpy-based energy balance model from baz-01.nc...
* Initializing the SIA stress balance modifier...
  [using the Paterson-Budd flow law]
computational domain and grid:
                grid size   6 x 6 x 5
           spatial domain   1500.00 km x 1500.00 km x 4000.00 m
     horizontal grid cell   300000 m x 300000 m
  vertical spacing in ice   uneven, 5 levels, 437.500 m < dz < 1562.500 m
running forward ...
P         time:       ivol      iarea  max_diffusivity  max_hor_vel
U         year   10^6_km^3  10^6_km^2         m^2 s^-1       m/year
S     5000.000:    0.89857    3.24000          0.00000      0.00000
$v$Eh  energy (overrides max) (dt=1.00000)
S     5001.000:    0.89874    3.24000          0.04652      0.00000
$v$Eh  energy (overrides max) (dt=1.00000)
S     5002.000:    0.89892    3.24000          0.04699      0.00000
$v$Eh  energy (overrides max) (dt=1.00000)
S     5003.000:    0.89909    3.24000          0.04744      0.00000
$v$Eh  energy (overrides max) (dt=1.00000)
S     5004.000:    0.89927    3.24000          0.04787      0.00000
$v$Eh  energy (overrides max) (dt=1.00000)
S     5005.000:    0.89945    3.24000          0.04828      0.00000
... done with run 
Writing model state to file `joe-01.nc'...
+ /home/beckmann/pism/build/pisms -i joe-01.nc -max_dt 1 -o_size small -energy enthalpy -y 5 -o bar-01.nc
Reading configuration parameters (pism_config) from file '/home/beckmann/pism/build/pism_config.nc'.
PISMS (simplified geometry mode) stable v1.1.3 committed by Constantine Khrulev on 2019-03-14 10:58:04 -0800
* Time t = 5005.000 found in 'joe-01.nc'; setting current time
* Run time: [5005.000, 5010.000]  (5.000 years, using the 'none' calendar)
# Allocating the geometry evolution model...
# Allocating an iceberg remover (part of a calving model)...
# Allocating a stress balance model...
# Allocating an energy balance model...
# Allocating a subglacial hydrology model...
# Allocating a basal yield stress model...
# Allocating a bedrock thermal layer model...
# Allocating a bed deformation model...
initializing 2D fields from NetCDF file 'joe-01.nc'...
* Using constant (zero) sea level...
* Reading effective sea level forcing from 'joe-01.nc' for re-starting...
* Initializing the dummy (no-op) bed deformation model...
    reading bed topography and uplift from joe-01.nc ... 
* Reading effective ocean model outputs from 'joe-01.nc' for re-starting...
setting parameters for surface mass balance and temperature in EISMINT II experiment A ... 
* Reading effective surface model outputs from 'joe-01.nc' for re-starting...
* Initializing the null-transport (till only) subglacial hydrology model ...
* Initializing the minimal model for lithosphere:
  stored time-independent geothermal flux applied to ice base...
* Restarting the enthalpy-based energy balance model from joe-01.nc...
* Initializing the SIA stress balance modifier...
  [using the Paterson-Budd flow law]
computational domain and grid:
                grid size   6 x 6 x 5
           spatial domain   1500.00 km x 1500.00 km x 4000.00 m
     horizontal grid cell   300000 m x 300000 m
  vertical spacing in ice   uneven, 5 levels, 437.500 m < dz < 1562.500 m
running forward ...
P         time:       ivol      iarea  max_diffusivity  max_hor_vel
U         year   10^6_km^3  10^6_km^2         m^2 s^-1       m/year
S     5005.000:    0.89945    3.24000          0.00000      0.00000
$v$Eh  energy (overrides max) (dt=1.00000)
S     5006.000:    0.89962    3.24000          0.04868      0.00000
$v$Eh  energy (overrides max) (dt=1.00000)
S     5007.000:    0.89980    3.24000          0.04906      0.00000
$v$Eh  energy (overrides max) (dt=1.00000)
S     5008.000:    0.89997    3.24000          0.04943      0.00000
$v$Eh  energy (overrides max) (dt=1.00000)
S     5009.000:    0.90015    3.24000          0.04978      0.00000
$v$Eh  energy (overrides max) (dt=1.00000)
S     5010.000:    0.90032    3.24000          0.05013      0.00000
... done with run 
Writing model state to file `bar-01.nc'...
+ set +e
+ /home/beckmann/pism/build/nccmp.py -v basal_melt_rate_grounded,enthalpy,thk,topg,tillwat foo-01.nc bar-01.nc
Comparing foo-01.nc and bar-01.nc
Files are the same within tolerance 0.0e+00
+ '[' 0 '!=' 0 ']'
+ rm -f foo-01.nc bar-01.nc baz-01.nc joe-01.nc
+ exit 0
<end of output>
Test time =   1.41 sec
----------------------------------------------------------
Test Passed.
"pismr_exact_restartability_SIA_only:test_01.sh" end time: Mar 18 12:31 CET
"pismr_exact_restartability_SIA_only:test_01.sh" time elapsed: 00:00:01
----------------------------------------------------------

3/27 Testing: pismv_processor_independence:test_02.sh
3/27 Test: pismv_processor_independence:test_02.sh
Command: "/home/beckmann/pism/test/regression/test_02.sh" "/home/beckmann/pism/build" "/p/system/packages/intel/parallel_studio_xe_2018_update1/compilers_and_libraries_2018.1.163/linux/mpi/intel64/bin/mpiexec" "/home/beckmann/pism"
Directory: /home/beckmann/pism/build/test/regression
"pismv_processor_independence:test_02.sh" start time: Mar 18 12:31 CET
Output:
----------------------------------------------------------
Test # 2: pismv exact processor independence (SIA only; test G).
+ NRANGE='1 2 3 4 6'
+ for NN in '$NRANGE'
+ /p/system/packages/intel/parallel_studio_xe_2018_update1/compilers_and_libraries_2018.1.163/linux/mpi/intel64/bin/mpiexec -n 1 /home/beckmann/pism/build/pismv -test G -Mx 30 -My 40 -Mz 20 -y 1 -verbose 1 -o foo1-02.nc
NUMERICAL ERRORS evaluated at final time (relative to exact solution):
geometry  :    prcntVOL        maxH         avH   relmaxETA
               0.000002    0.008688    0.000218    0.000008
temp      :        maxT         avT    basemaxT     baseavT
               0.090730    0.003509    0.004658    0.000875
Sigma     :      maxSig       avSig
               2.233011    0.228157
surf vels :     maxUvec      avUvec        maxW         avW
               0.188970    0.016767    0.013801    0.000265
NUM ERRORS DONE
+ for NN in '$NRANGE'
+ /p/system/packages/intel/parallel_studio_xe_2018_update1/compilers_and_libraries_2018.1.163/linux/mpi/intel64/bin/mpiexec -n 2 /home/beckmann/pism/build/pismv -test G -Mx 30 -My 40 -Mz 20 -y 1 -verbose 1 -o foo2-02.nc

===================================================================================
=   BAD TERMINATION OF ONE OF YOUR APPLICATION PROCESSES
=   PID 44196 RUNNING AT login02
=   EXIT CODE: 139
=   CLEANING UP REMAINING PROCESSES
=   YOU CAN IGNORE THE BELOW CLEANUP MESSAGES
===================================================================================

===================================================================================
=   BAD TERMINATION OF ONE OF YOUR APPLICATION PROCESSES
=   PID 44197 RUNNING AT login02
=   EXIT CODE: 11
=   CLEANING UP REMAINING PROCESSES
=   YOU CAN IGNORE THE BELOW CLEANUP MESSAGES
===================================================================================
   Intel(R) MPI Library troubleshooting guide:
      https://software.intel.com/node/561764
===================================================================================
<end of output>
Test time =   0.48 sec
----------------------------------------------------------
Test Failed.
"pismv_processor_independence:test_02.sh" end time: Mar 18 12:31 CET
"pismv_processor_independence:test_02.sh" time elapsed: 00:00:00
----------------------------------------------------------

4/27 Testing: pismr_zero_length_run:test_03.sh
4/27 Test: pismr_zero_length_run:test_03.sh
Command: "/home/beckmann/pism/test/regression/test_03.sh" "/home/beckmann/pism/build" "/p/system/packages/intel/parallel_studio_xe_2018_update1/compilers_and_libraries_2018.1.163/linux/mpi/intel64/bin/mpiexec" "/home/beckmann/pism"
Directory: /home/beckmann/pism/build/test/regression
"pismr_zero_length_run:test_03.sh" start time: Mar 18 12:31 CET
Output:
----------------------------------------------------------
Test # 3: no information loss on -y 0 runs (ignoring diagnostics).
+ /p/system/packages/intel/parallel_studio_xe_2018_update1/compilers_and_libraries_2018.1.163/linux/mpi/intel64/bin/mpiexec -n 2 /home/beckmann/pism/build/pisms -energy enthalpy -y 1000 -o_size small -o foo-03.nc -Mx 31 -My 41

===================================================================================
=   BAD TERMINATION OF ONE OF YOUR APPLICATION PROCESSES
=   PID 44208 RUNNING AT login02
=   EXIT CODE: 139
=   CLEANING UP REMAINING PROCESSES
=   YOU CAN IGNORE THE BELOW CLEANUP MESSAGES
===================================================================================

===================================================================================
=   BAD TERMINATION OF ONE OF YOUR APPLICATION PROCESSES
=   PID 44209 RUNNING AT login02
=   EXIT CODE: 11
=   CLEANING UP REMAINING PROCESSES
=   YOU CAN IGNORE THE BELOW CLEANUP MESSAGES
===================================================================================
   Intel(R) MPI Library troubleshooting guide:
      https://software.intel.com/node/561764
===================================================================================
<end of output>
Test time =   0.15 sec
----------------------------------------------------------
Test Failed.
"pismr_zero_length_run:test_03.sh" end time: Mar 18 12:31 CET
"pismr_zero_length_run:test_03.sh" time elapsed: 00:00:00
----------------------------------------------------------

5/27 Testing: pismr_regridding_during_bootstrapping:test_04.sh
5/27 Test: pismr_regridding_during_bootstrapping:test_04.sh
Command: "/home/beckmann/pism/test/regression/test_04.sh" "/home/beckmann/pism/build" "/p/system/packages/intel/parallel_studio_xe_2018_update1/compilers_and_libraries_2018.1.163/linux/mpi/intel64/bin/mpiexec" "/home/beckmann/pism"
Directory: /home/beckmann/pism/build/test/regression
"pismr_regridding_during_bootstrapping:test_04.sh" start time: Mar 18 12:31 CET
Output:
----------------------------------------------------------
Test # 4: regridding during bootstrapping: coarse -> fine -> coarse.
+ /home/beckmann/pism/build/pismv -test G -Mx 11 -My 21 -Mz 31 -y 0 -o foo-04.nc
Reading configuration parameters (pism_config) from file '/home/beckmann/pism/build/pism_config.nc'.
PISMV (verification mode) stable v1.1.3 committed by Constantine Khrulev on 2019-03-14 10:58:04 -0800
starting Test G ...
* Run time: [0.000, 0.000]  (0.000 years, using the 'none' calendar)
# Allocating the geometry evolution model...
# Allocating an iceberg remover (part of a calving model)...
# Allocating a stress balance model...
# Allocating an energy balance model...
# Allocating a subglacial hydrology model...
# Allocating a basal yield stress model...
# Allocating a bed deformation model...
* Using constant (zero) sea level...
* Initializing the dummy (no-op) bed deformation model...
* Initializing the null-transport (till only) subglacial hydrology model ...
* Initializing the minimal model for lithosphere:
  stored time-independent geothermal flux applied to ice base...
  using constant geothermal flux 0.042000 W m-2 ...
* Initializing the SIA stress balance modifier...
  [using the Paterson-Budd (cold case) flow law]
computational domain and grid:
                grid size   11 x 21 x 31
           spatial domain   1800.00 km x 1800.00 km x 4000.00 m
     horizontal grid cell   180000 m x 90000 m
  vertical spacing in ice   uneven, 31 levels, 36.667 m < dz < 230.000 m

WARNING: output variables bwatvel,tauc are not available!

running forward ...
P         time:       ivol      iarea  max_diffusivity  max_hor_vel
U         year   10^6_km^3  10^6_km^2         m^2 s^-1       m/year
S        0.000:    3.11242    3.74220          0.00000      0.00000
done with run
NUMERICAL ERRORS evaluated at final time (relative to exact solution):
geometry  :    prcntVOL        maxH         avH   relmaxETA
               0.000000    0.000000    0.000000    0.000000
temp      :        maxT         avT    basemaxT     baseavT
               0.000000    0.000000    0.000000    0.000000
Sigma     :      maxSig       avSig
              16.082405    2.955037
surf vels :     maxUvec      avUvec        maxW         avW
               2.571943    0.727675    0.062900    0.005519
NUM ERRORS DONE
Writing model state to file `foo-04.nc'...
+ /home/beckmann/pism/build/pismr -i foo-04.nc -bootstrap -Mx 21 -My 31 -Mz 41 -Lz 4000 -y 0 -o_size small -o bar-04.nc
Reading configuration parameters (pism_config) from file '/home/beckmann/pism/build/pism_config.nc'.
PISMR (basic evolution run mode) stable v1.1.3 committed by Constantine Khrulev on 2019-03-14 10:58:04 -0800
  setting computational box for ice from 'foo-04.nc' and
    user options: [-990.00 km, 990.00 km] x [-945.00 km, 945.00 km] x [0 m, 4000.00 m]
* Time t = 0.000 found in 'foo-04.nc'; setting current time
* Run time: [0.000, 0.000]  (0.000 years, using the '365_day' calendar)
# Allocating the geometry evolution model...
# Allocating an iceberg remover (part of a calving model)...
# Allocating a stress balance model...
* Initializing bed smoother object with 5.000 km half-width ...
# Allocating an energy balance model...
# Allocating a subglacial hydrology model...
# Allocating a basal yield stress model...
# Allocating a bedrock thermal layer model...
# Allocating a bed deformation model...
# Allocating a surface process model or coupler...
  - Option atmosphere.given_file is not set. Trying the input file 'foo-04.nc'...
  - Option surface.given_file is not set. Trying the input file 'foo-04.nc'...
# Allocating sea level forcing...
# Allocating an ocean model or coupler...
bootstrapping from file 'foo-04.nc'...
  WARNING: 'mask' found; IGNORING IT!
  WARNING: surface elevation 'usurf' found; IGNORING IT!
  reading 2D model state variables by regridding ...
  FOUND  lon / standard_name=longitude 
             \ min,max =     0.000,    0.000 (degree_east)
  FOUND  lat / standard_name=latitude  
             \ min,max =     0.000,    0.000 (degree_north)
  FOUND  thk / standard_name=land_ice_thickness
             \ min,max =     0.000, 3000.000 (m)
* Using constant (zero) sea level...
* Performing a 'fake' sea level forcing time-step for bootstrapping...
* Initializing the dummy (no-op) bed deformation model...
  FOUND  topg / standard_name=bedrock_altitude
              \ min,max =     0.000,    0.000 (m)
  FOUND  dbdt / standard_name=tendency_of_bedrock_altitude
              \ min,max =     0.000,    0.000 (mm year-1)
* Initializing the constant ocean model...
  Sub-shelf melt rate set to 0.051914 m/year.
* Performing a 'fake' ocean model time-step for bootstrapping...
* Initializing the surface model reading temperature at the top of the ice
  and ice surface mass flux from a file...
  - Option surface.given_file is not set. Trying the input file 'foo-04.nc'...
  FOUND  climatic_mass_balance / standard_name=land_ice_surface_specific_mass_balance_flux
                               \ min,max =   -18.200,  522.141 (kg m-2 year-1)
  FOUND  ice_surface_temp / temperature of the ice at the ice surface but below firn processes
                          \ min,max =   223.150,  244.406 (Kelvin)
* Performing a 'fake' surface model time-step for bootstrapping...
* Initializing the null-transport (till only) subglacial hydrology model ...
  FOUND  tillwat / effective thickness of subglacial water stored in till
                 \ min,max =     0.000,    0.000 (m)
* Initializing the minimal model for lithosphere:
  stored time-independent geothermal flux applied to ice base...
  FOUND  bheatflx / upward geothermal flux at the bottom bedrock surface
                  \ min,max =    42.000,   42.000 (mW m-2)
* Bootstrapping the enthalpy-based energy balance model from foo-04.nc...
  FOUND  basal_melt_rate_grounded / ice basal melt rate from energy conservation, in ice thickness per time (valid in grounded areas)
                                  \ min,max =     0.000,    0.000 (m year-1)
 - Filling 3D ice temperatures using surface temperature (and mass balance for velocity estimate)...
* Initializing the SIA stress balance modifier...
  [using the Glen-Paterson-Budd-Lliboutry-Duval flow law]
computational domain and grid:
                grid size   21 x 31 x 41
           spatial domain   1980.00 km x 1890.00 km x 4000.00 m
     horizontal grid cell   94286 m x 60968 m
  vertical spacing in ice   uneven, 41 levels, 26.875 m < dz < 173.125 m
running forward ...
P         time:       ivol      iarea  max_diffusivity  max_hor_vel
U         year   10^6_km^3  10^6_km^2         m^2 s^-1       m/year
S        0.000:    3.11971    3.74220          0.00000      0.00000
... done with run
Writing model state to file `bar-04.nc'...
+ /home/beckmann/pism/build/pismr -i bar-04.nc -bootstrap -Mx 11 -My 21 -Mz 31 -Lz 4000 -y 0 -o_size small -o baz-04.nc
Reading configuration parameters (pism_config) from file '/home/beckmann/pism/build/pism_config.nc'.
PISMR (basic evolution run mode) stable v1.1.3 committed by Constantine Khrulev on 2019-03-14 10:58:04 -0800
  setting computational box for ice from 'bar-04.nc' and
    user options: [-990.00 km, 990.00 km] x [-945.00 km, 945.00 km] x [0 m, 4000.00 m]
* Time t = 0.000 found in 'bar-04.nc'; setting current time
* Run time: [0.000, 0.000]  (0.000 years, using the '365_day' calendar)
# Allocating the geometry evolution model...
# Allocating an iceberg remover (part of a calving model)...
# Allocating a stress balance model...
* Initializing bed smoother object with 5.000 km half-width ...
# Allocating an energy balance model...
# Allocating a subglacial hydrology model...
# Allocating a basal yield stress model...
# Allocating a bedrock thermal layer model...
# Allocating a bed deformation model...
# Allocating a surface process model or coupler...
  - Option atmosphere.given_file is not set. Trying the input file 'bar-04.nc'...
  - Option surface.given_file is not set. Trying the input file 'bar-04.nc'...
# Allocating sea level forcing...
# Allocating an ocean model or coupler...
bootstrapping from file 'bar-04.nc'...
  reading 2D model state variables by regridding ...
  FOUND  lon / standard_name=longitude 
             \ min,max =     0.000,    0.000 (degree_east)
  FOUND  lat / standard_name=latitude  
             \ min,max =     0.000,    0.000 (degree_north)
  FOUND  thk / standard_name=land_ice_thickness
             \ min,max =     0.000, 3000.000 (m)
* Using constant (zero) sea level...
* Performing a 'fake' sea level forcing time-step for bootstrapping...
* Initializing the dummy (no-op) bed deformation model...
  FOUND  topg / standard_name=bedrock_altitude
              \ min,max =     0.000,    0.000 (m)
  FOUND  dbdt / standard_name=tendency_of_bedrock_altitude
              \ min,max =     0.000,    0.000 (mm year-1)
* Initializing the constant ocean model...
  Sub-shelf melt rate set to 0.051914 m/year.
* Performing a 'fake' ocean model time-step for bootstrapping...
* Initializing the surface model reading temperature at the top of the ice
  and ice surface mass flux from a file...
  - Option surface.given_file is not set. Trying the input file 'bar-04.nc'...
  FOUND  climatic_mass_balance / standard_name=land_ice_surface_specific_mass_balance_flux
                               \ min,max =   -18.200,  504.124 (kg m-2 year-1)
  FOUND  ice_surface_temp / temperature of the ice at the ice surface but below firn processes
                          \ min,max =   223.150,  244.016 (Kelvin)
* Performing a 'fake' surface model time-step for bootstrapping...
* Initializing the null-transport (till only) subglacial hydrology model ...
  FOUND  tillwat / effective thickness of subglacial water stored in till
                 \ min,max =     0.000,    0.000 (m)
* Initializing the minimal model for lithosphere:
  stored time-independent geothermal flux applied to ice base...
  FOUND  bheatflx / upward geothermal flux at the bottom bedrock surface
                  \ min,max =    42.000,   42.000 (mW m-2)
* Bootstrapping the enthalpy-based energy balance model from bar-04.nc...
  FOUND  basal_melt_rate_grounded / ice basal melt rate from energy conservation, in ice thickness per time (valid in grounded areas)
                                  \ min,max =     0.000,    0.000 (m year-1)
 - Filling 3D ice temperatures using surface temperature (and mass balance for velocity estimate)...
* Initializing the SIA stress balance modifier...
  [using the Glen-Paterson-Budd-Lliboutry-Duval flow law]
computational domain and grid:
                grid size   11 x 21 x 31
           spatial domain   1980.00 km x 1890.00 km x 4000.00 m
     horizontal grid cell   180000 m x 90000 m
  vertical spacing in ice   uneven, 31 levels, 36.667 m < dz < 230.000 m
running forward ...
P         time:       ivol      iarea  max_diffusivity  max_hor_vel
U         year   10^6_km^3  10^6_km^2         m^2 s^-1       m/year
S        0.000:    3.14048    3.74220          0.00000      0.00000
... done with run
Writing model state to file `baz-04.nc'...
+ /home/beckmann/pism/build/nccmp.py -v topg foo-04.nc baz-04.nc
Comparing foo-04.nc and baz-04.nc
Files are the same within tolerance 0.0e+00
+ '[' 0 '!=' 0 ']'
+ rm -f foo-04.nc bar-04.nc baz-04.nc
+ exit 0
<end of output>
Test time =   1.00 sec
----------------------------------------------------------
Test Passed.
"pismr_regridding_during_bootstrapping:test_04.sh" end time: Mar 18 12:31 CET
"pismr_regridding_during_bootstrapping:test_04.sh" time elapsed: 00:00:01
----------------------------------------------------------

6/27 Testing: pismr_bootstrap_variable_order:test_05.sh
6/27 Test: pismr_bootstrap_variable_order:test_05.sh
Command: "/home/beckmann/pism/test/regression/test_05.sh" "/home/beckmann/pism/build" "/p/system/packages/intel/parallel_studio_xe_2018_update1/compilers_and_libraries_2018.1.163/linux/mpi/intel64/bin/mpiexec" "/home/beckmann/pism"
Directory: /home/beckmann/pism/build/test/regression
"pismr_bootstrap_variable_order:test_05.sh" start time: Mar 18 12:31 CET
Output:
----------------------------------------------------------
Test # 5: bootstrapping from files with different variable orders.
+ /home/beckmann/pism/build/pisms -eisII I -Mx 121 -My 61 -Mz 21 -y 0 -o foo-05.nc
Reading configuration parameters (pism_config) from file '/home/beckmann/pism/build/pism_config.nc'.
PISMS (simplified geometry mode) stable v1.1.3 committed by Constantine Khrulev on 2019-03-14 10:58:04 -0800
* Run time: [0.000, 0.000]  (0.000 years, using the 'none' calendar)
# Allocating the geometry evolution model...
# Allocating an iceberg remover (part of a calving model)...
# Allocating a stress balance model...
# Allocating an energy balance model...
# Allocating a subglacial hydrology model...
# Allocating a basal yield stress model...
# Allocating a bedrock thermal layer model...
# Allocating a bed deformation model...
initializing variables from EISMINT II experiment I formulas... 
* Using constant (zero) sea level...
* Performing a 'fake' sea level forcing time-step for bootstrapping...
* Initializing the dummy (no-op) bed deformation model...
* Performing a 'fake' ocean model time-step for bootstrapping...
setting parameters for surface mass balance and temperature in EISMINT II experiment I ... 
* Performing a 'fake' surface model time-step for bootstrapping...
* Initializing the null-transport (till only) subglacial hydrology model ...
* Initializing the minimal model for lithosphere:
  stored time-independent geothermal flux applied to ice base...
  using constant geothermal flux 0.042000 W m-2 ...
* Bootstrapping the temperature-based energy balance model...
 - Filling 3D ice temperatures using surface temperature (and mass balance for velocity estimate)...
* Initializing the SIA stress balance modifier...
  [using the Paterson-Budd flow law]
computational domain and grid:
                grid size   121 x 61 x 21
           spatial domain   1500.00 km x 1500.00 km x 4000.00 m
     horizontal grid cell   12500 m x 25000 m
  vertical spacing in ice   uneven, 21 levels, 57.500 m < dz < 342.500 m

WARNING: output variables bwatvel,tauc are not available!

running forward ...
P         time:       ivol      iarea  max_diffusivity  max_hor_vel
U         year   10^6_km^3  10^6_km^2         m^2 s^-1       m/year
S        0.000:    0.00000    2.30656          0.00000      0.00000
... done with run 
Writing model state to file `foo-05.nc'...
+ /p/system/packages/intel/parallel_studio_xe_2018_update1/compilers_and_libraries_2018.1.163/linux/mpi/intel64/bin/mpiexec -n 2 /home/beckmann/pism/build/pismr -i foo-05.nc -bootstrap -Mx 41 -My 61 -Mz 21 -Lz 5000 -y 0 -o_size small -o bar-05.nc

===================================================================================
=   BAD TERMINATION OF ONE OF YOUR APPLICATION PROCESSES
=   PID 44231 RUNNING AT login02
=   EXIT CODE: 139
=   CLEANING UP REMAINING PROCESSES
=   YOU CAN IGNORE THE BELOW CLEANUP MESSAGES
===================================================================================

===================================================================================
=   BAD TERMINATION OF ONE OF YOUR APPLICATION PROCESSES
=   PID 44232 RUNNING AT login02
=   EXIT CODE: 11
=   CLEANING UP REMAINING PROCESSES
=   YOU CAN IGNORE THE BELOW CLEANUP MESSAGES
===================================================================================
   Intel(R) MPI Library troubleshooting guide:
      https://software.intel.com/node/561764
===================================================================================
<end of output>
Test time =   0.42 sec
----------------------------------------------------------
Test Failed.
"pismr_bootstrap_variable_order:test_05.sh" end time: Mar 18 12:31 CET
"pismr_bootstrap_variable_order:test_05.sh" time elapsed: 00:00:00
----------------------------------------------------------

7/27 Testing: pismr_bootstrap_variable_ranges:test_06.sh
7/27 Test: pismr_bootstrap_variable_ranges:test_06.sh
Command: "/home/beckmann/pism/test/regression/test_06.sh" "/home/beckmann/pism/build" "/p/system/packages/intel/parallel_studio_xe_2018_update1/compilers_and_libraries_2018.1.163/linux/mpi/intel64/bin/mpiexec" "/home/beckmann/pism"
Directory: /home/beckmann/pism/build/test/regression
"pismr_bootstrap_variable_ranges:test_06.sh" start time: Mar 18 12:31 CET
Output:
----------------------------------------------------------
Test # 6: bootstrapping from symmetric and non-symmetric x- and y-vars.
+ /home/beckmann/pism/build/pismv -test G -Lx 4000 -Ly 4000 -Mx 21 -My 21 -Mz 11 -Mbz 1 -y 0 -o foo-06.nc
Reading configuration parameters (pism_config) from file '/home/beckmann/pism/build/pism_config.nc'.
PISMV (verification mode) stable v1.1.3 committed by Constantine Khrulev on 2019-03-14 10:58:04 -0800
starting Test G ...
* Run time: [0.000, 0.000]  (0.000 years, using the 'none' calendar)
# Allocating the geometry evolution model...
# Allocating an iceberg remover (part of a calving model)...
# Allocating a stress balance model...
# Allocating an energy balance model...
# Allocating a subglacial hydrology model...
# Allocating a basal yield stress model...
# Allocating a bed deformation model...
* Using constant (zero) sea level...
* Initializing the dummy (no-op) bed deformation model...
* Initializing the null-transport (till only) subglacial hydrology model ...
* Initializing the minimal model for lithosphere:
  stored time-independent geothermal flux applied to ice base...
  using constant geothermal flux 0.042000 W m-2 ...
* Initializing the SIA stress balance modifier...
  [using the Paterson-Budd (cold case) flow law]
computational domain and grid:
                grid size   21 x 21 x 11
           spatial domain   8000.00 km x 8000.00 km x 4000.00 m
     horizontal grid cell   400000 m x 400000 m
  vertical spacing in ice   uneven, 11 levels, 130.000 m < dz < 670.000 m

WARNING: output variables bwatvel,tauc are not available!

running forward ...
P         time:       ivol      iarea  max_diffusivity  max_hor_vel
U         year   10^6_km^3  10^6_km^2         m^2 s^-1       m/year
S        0.000:    2.98445   70.56000          0.00000      0.00000
done with run
NUMERICAL ERRORS evaluated at final time (relative to exact solution):
geometry  :    prcntVOL        maxH         avH   relmaxETA
               0.000000    0.000000    0.000000    0.000000
temp      :        maxT         avT    basemaxT     baseavT
               0.000000    0.000000    0.000000    0.000000
Sigma     :      maxSig       avSig
              16.067882    4.731456
surf vels :     maxUvec      avUvec        maxW         avW
               2.495062    0.036778    0.007628    0.000134
NUM ERRORS DONE
Writing model state to file `foo-06.nc'...
+ /home/beckmann/pism/build/pismr -i foo-06.nc -bootstrap -Mx 21 -My 11 -Mz 31 -Mbz 1 -Lz 4000 -y 0 -o_size small -o bar-06.nc
Reading configuration parameters (pism_config) from file '/home/beckmann/pism/build/pism_config.nc'.
PISMR (basic evolution run mode) stable v1.1.3 committed by Constantine Khrulev on 2019-03-14 10:58:04 -0800
  setting computational box for ice from 'foo-06.nc' and
    user options: [-4200.00 km, 4200.00 km] x [-4200.00 km, 4200.00 km] x [0 m, 4000.00 m]
* Time t = 0.000 found in 'foo-06.nc'; setting current time
* Run time: [0.000, 0.000]  (0.000 years, using the '365_day' calendar)
# Allocating the geometry evolution model...
# Allocating an iceberg remover (part of a calving model)...
# Allocating a stress balance model...
* Initializing bed smoother object with 5.000 km half-width ...
# Allocating an energy balance model...
# Allocating a subglacial hydrology model...
# Allocating a basal yield stress model...
# Allocating a bedrock thermal layer model...
# Allocating a bed deformation model...
# Allocating a surface process model or coupler...
  - Option atmosphere.given_file is not set. Trying the input file 'foo-06.nc'...
  - Option surface.given_file is not set. Trying the input file 'foo-06.nc'...
# Allocating sea level forcing...
# Allocating an ocean model or coupler...
bootstrapping from file 'foo-06.nc'...
  WARNING: 'mask' found; IGNORING IT!
  WARNING: surface elevation 'usurf' found; IGNORING IT!
  reading 2D model state variables by regridding ...
  FOUND  lon / standard_name=longitude 
             \ min,max =     0.000,    0.000 (degree_east)
  FOUND  lat / standard_name=latitude  
             \ min,max =     0.000,    0.000 (degree_north)
  FOUND  thk / standard_name=land_ice_thickness
             \ min,max =     0.000, 3000.000 (m)
* Using constant (zero) sea level...
* Performing a 'fake' sea level forcing time-step for bootstrapping...
* Initializing the dummy (no-op) bed deformation model...
  FOUND  topg / standard_name=bedrock_altitude
              \ min,max =     0.000,    0.000 (m)
  FOUND  dbdt / standard_name=tendency_of_bedrock_altitude
              \ min,max =     0.000,    0.000 (mm year-1)
* Initializing the constant ocean model...
  Sub-shelf melt rate set to 0.051914 m/year.
* Performing a 'fake' ocean model time-step for bootstrapping...
* Initializing the surface model reading temperature at the top of the ice
  and ice surface mass flux from a file...
  - Option surface.given_file is not set. Trying the input file 'foo-06.nc'...
  FOUND  climatic_mass_balance / standard_name=land_ice_surface_specific_mass_balance_flux
                               \ min,max =   -18.200,  505.342 (kg m-2 year-1)
  FOUND  ice_surface_temp / temperature of the ice at the ice surface but below firn processes
                          \ min,max =   223.150,  315.529 (Kelvin)
* Performing a 'fake' surface model time-step for bootstrapping...
* Initializing the null-transport (till only) subglacial hydrology model ...
  FOUND  tillwat / effective thickness of subglacial water stored in till
                 \ min,max =     0.000,    0.000 (m)
* Initializing the minimal model for lithosphere:
  stored time-independent geothermal flux applied to ice base...
  FOUND  bheatflx / upward geothermal flux at the bottom bedrock surface
                  \ min,max =    42.000,   42.000 (mW m-2)
* Bootstrapping the enthalpy-based energy balance model from foo-06.nc...
  FOUND  basal_melt_rate_grounded / ice basal melt rate from energy conservation, in ice thickness per time (valid in grounded areas)
                                  \ min,max =     0.000,    0.000 (m year-1)
 - Filling 3D ice temperatures using surface temperature (and mass balance for velocity estimate)...
* Initializing the SIA stress balance modifier...
  [using the Glen-Paterson-Budd-Lliboutry-Duval flow law]
computational domain and grid:
                grid size   21 x 11 x 31
           spatial domain   8400.00 km x 8400.00 km x 4000.00 m
     horizontal grid cell   400000 m x 763636 m
  vertical spacing in ice   uneven, 31 levels, 36.667 m < dz < 230.000 m
running forward ...
P         time:       ivol      iarea  max_diffusivity  max_hor_vel
U         year   10^6_km^3  10^6_km^2         m^2 s^-1       m/year
S        0.000:    2.59709   70.56000          0.00000      0.00000
... done with run
Writing model state to file `bar-06.nc'...
+ ncap2 -O '-s"x=x+1e4;y=y+1e4"' foo-06.nc foo-06.nc
+ /home/beckmann/pism/build/pismr -i foo-06.nc -bootstrap -Mx 21 -My 11 -Mz 31 -Mbz 1 -Lz 4000 -y 0 -o_size small -o baz-06.nc
Reading configuration parameters (pism_config) from file '/home/beckmann/pism/build/pism_config.nc'.
PISMR (basic evolution run mode) stable v1.1.3 committed by Constantine Khrulev on 2019-03-14 10:58:04 -0800
  setting computational box for ice from 'foo-06.nc' and
    user options: [-4200.00 km, 4200.00 km] x [-4200.00 km, 4200.00 km] x [0 m, 4000.00 m]
* Time t = 0.000 found in 'foo-06.nc'; setting current time
* Run time: [0.000, 0.000]  (0.000 years, using the '365_day' calendar)
# Allocating the geometry evolution model...
# Allocating an iceberg remover (part of a calving model)...
# Allocating a stress balance model...
* Initializing bed smoother object with 5.000 km half-width ...
# Allocating an energy balance model...
# Allocating a subglacial hydrology model...
# Allocating a basal yield stress model...
# Allocating a bedrock thermal layer model...
# Allocating a bed deformation model...
# Allocating a surface process model or coupler...
  - Option atmosphere.given_file is not set. Trying the input file 'foo-06.nc'...
  - Option surface.given_file is not set. Trying the input file 'foo-06.nc'...
# Allocating sea level forcing...
# Allocating an ocean model or coupler...
bootstrapping from file 'foo-06.nc'...
  WARNING: 'mask' found; IGNORING IT!
  WARNING: surface elevation 'usurf' found; IGNORING IT!
  reading 2D model state variables by regridding ...
  FOUND  lon / standard_name=longitude 
             \ min,max =     0.000,    0.000 (degree_east)
  FOUND  lat / standard_name=latitude  
             \ min,max =     0.000,    0.000 (degree_north)
  FOUND  thk / standard_name=land_ice_thickness
             \ min,max =     0.000, 3000.000 (m)
* Using constant (zero) sea level...
* Performing a 'fake' sea level forcing time-step for bootstrapping...
* Initializing the dummy (no-op) bed deformation model...
  FOUND  topg / standard_name=bedrock_altitude
              \ min,max =     0.000,    0.000 (m)
  FOUND  dbdt / standard_name=tendency_of_bedrock_altitude
              \ min,max =     0.000,    0.000 (mm year-1)
* Initializing the constant ocean model...
  Sub-shelf melt rate set to 0.051914 m/year.
* Performing a 'fake' ocean model time-step for bootstrapping...
* Initializing the surface model reading temperature at the top of the ice
  and ice surface mass flux from a file...
  - Option surface.given_file is not set. Trying the input file 'foo-06.nc'...
  FOUND  climatic_mass_balance / standard_name=land_ice_surface_specific_mass_balance_flux
                               \ min,max =   -18.200,  505.342 (kg m-2 year-1)
  FOUND  ice_surface_temp / temperature of the ice at the ice surface but below firn processes
                          \ min,max =   223.150,  315.529 (Kelvin)
* Performing a 'fake' surface model time-step for bootstrapping...
* Initializing the null-transport (till only) subglacial hydrology model ...
  FOUND  tillwat / effective thickness of subglacial water stored in till
                 \ min,max =     0.000,    0.000 (m)
* Initializing the minimal model for lithosphere:
  stored time-independent geothermal flux applied to ice base...
  FOUND  bheatflx / upward geothermal flux at the bottom bedrock surface
                  \ min,max =    42.000,   42.000 (mW m-2)
* Bootstrapping the enthalpy-based energy balance model from foo-06.nc...
  FOUND  basal_melt_rate_grounded / ice basal melt rate from energy conservation, in ice thickness per time (valid in grounded areas)
                                  \ min,max =     0.000,    0.000 (m year-1)
 - Filling 3D ice temperatures using surface temperature (and mass balance for velocity estimate)...
* Initializing the SIA stress balance modifier...
  [using the Glen-Paterson-Budd-Lliboutry-Duval flow law]
computational domain and grid:
                grid size   21 x 11 x 31
           spatial domain   8400.00 km x 8400.00 km x 4000.00 m
     horizontal grid cell   400000 m x 763636 m
  vertical spacing in ice   uneven, 31 levels, 36.667 m < dz < 230.000 m
running forward ...
P         time:       ivol      iarea  max_diffusivity  max_hor_vel
U         year   10^6_km^3  10^6_km^2         m^2 s^-1       m/year
S        0.000:    2.59709   70.56000          0.00000      0.00000
... done with run
Writing model state to file `baz-06.nc'...
+ set +e
+ /home/beckmann/pism/build/nccmp.py -t 1e-16 -x -v x,y,timestamp bar-06.nc baz-06.nc
Comparing bar-06.nc and baz-06.nc
Files are the same within tolerance 1.0e-16
+ '[' 0 '!=' 0 ']'
+ rm -f foo-06.nc bar-06.nc baz-06.nc
+ exit 0
<end of output>
Test time =   1.20 sec
----------------------------------------------------------
Test Passed.
"pismr_bootstrap_variable_ranges:test_06.sh" end time: Mar 18 12:31 CET
"pismr_bootstrap_variable_ranges:test_06.sh" time elapsed: 00:00:01
----------------------------------------------------------

8/27 Testing: regridding:bootstrap_vs_regrid_file:test_07.sh
8/27 Test: regridding:bootstrap_vs_regrid_file:test_07.sh
Command: "/home/beckmann/pism/test/regression/test_07.sh" "/home/beckmann/pism/build" "/p/system/packages/intel/parallel_studio_xe_2018_update1/compilers_and_libraries_2018.1.163/linux/mpi/intel64/bin/mpiexec" "/home/beckmann/pism"
Directory: /home/beckmann/pism/build/test/regression
"regridding:bootstrap_vs_regrid_file:test_07.sh" start time: Mar 18 12:31 CET
Output:
----------------------------------------------------------
Test # 7: comparing regridding via '-i file.nc -bootstrap' and -regrid_file.
+ /home/beckmann/pism/build/pismv -test G -Lx 4000 -Ly 4000 -Lz 4000 -Mx 41 -My 51 -Mz 31 -y 0 -o foo-07.nc
Reading configuration parameters (pism_config) from file '/home/beckmann/pism/build/pism_config.nc'.
PISMV (verification mode) stable v1.1.3 committed by Constantine Khrulev on 2019-03-14 10:58:04 -0800
starting Test G ...
* Run time: [0.000, 0.000]  (0.000 years, using the 'none' calendar)
# Allocating the geometry evolution model...
# Allocating an iceberg remover (part of a calving model)...
# Allocating a stress balance model...
# Allocating an energy balance model...
# Allocating a subglacial hydrology model...
# Allocating a basal yield stress model...
# Allocating a bed deformation model...
* Using constant (zero) sea level...
* Initializing the dummy (no-op) bed deformation model...
* Initializing the null-transport (till only) subglacial hydrology model ...
* Initializing the minimal model for lithosphere:
  stored time-independent geothermal flux applied to ice base...
  using constant geothermal flux 0.042000 W m-2 ...
* Initializing the SIA stress balance modifier...
  [using the Paterson-Budd (cold case) flow law]
computational domain and grid:
                grid size   41 x 51 x 31
           spatial domain   8000.00 km x 8000.00 km x 4000.00 m
     horizontal grid cell   200000 m x 160000 m
  vertical spacing in ice   uneven, 31 levels, 36.667 m < dz < 230.000 m

WARNING: output variables bwatvel,tauc are not available!

running forward ...
P         time:       ivol      iarea  max_diffusivity  max_hor_vel
U         year   10^6_km^3  10^6_km^2         m^2 s^-1       m/year
S        0.000:    3.07401   66.91200          0.00000      0.00000
done with run
NUMERICAL ERRORS evaluated at final time (relative to exact solution):
geometry  :    prcntVOL        maxH         avH   relmaxETA
               0.000000    0.000000    0.000000    0.000000
temp      :        maxT         avT    basemaxT     baseavT
               0.000000    0.000000    0.000000    0.000000
Sigma     :      maxSig       avSig
              16.130233    3.087715
surf vels :     maxUvec      avUvec        maxW         avW
               2.568559    0.040741    0.049159    0.000289
NUM ERRORS DONE
Writing model state to file `foo-07.nc'...
+ /home/beckmann/pism/build/pismr -i foo-07.nc -bootstrap -Lx 2000 -Ly 2000 -Lz 4000 -Mx 31 -My 41 -Mz 51 -y 0 -o bar-07.nc
Reading configuration parameters (pism_config) from file '/home/beckmann/pism/build/pism_config.nc'.
PISMR (basic evolution run mode) stable v1.1.3 committed by Constantine Khrulev on 2019-03-14 10:58:04 -0800
  setting computational box for ice from 'foo-07.nc' and
    user options: [-2000.00 km, 2000.00 km] x [-2000.00 km, 2000.00 km] x [0 m, 4000.00 m]
* Time t = 0.000 found in 'foo-07.nc'; setting current time
* Run time: [0.000, 0.000]  (0.000 years, using the '365_day' calendar)
# Allocating the geometry evolution model...
# Allocating an iceberg remover (part of a calving model)...
# Allocating a stress balance model...
* Initializing bed smoother object with 5.000 km half-width ...
# Allocating an energy balance model...
# Allocating a subglacial hydrology model...
# Allocating a basal yield stress model...
# Allocating a bedrock thermal layer model...
# Allocating a bed deformation model...
# Allocating a surface process model or coupler...
  - Option atmosphere.given_file is not set. Trying the input file 'foo-07.nc'...
  - Option surface.given_file is not set. Trying the input file 'foo-07.nc'...
# Allocating sea level forcing...
# Allocating an ocean model or coupler...
bootstrapping from file 'foo-07.nc'...
  WARNING: 'mask' found; IGNORING IT!
  WARNING: surface elevation 'usurf' found; IGNORING IT!
  reading 2D model state variables by regridding ...
  FOUND  lon / standard_name=longitude 
             \ min,max =     0.000,    0.000 (degree_east)
  FOUND  lat / standard_name=latitude  
             \ min,max =     0.000,    0.000 (degree_north)
  FOUND  thk / standard_name=land_ice_thickness
             \ min,max =     0.000, 3000.000 (m)
* Using constant (zero) sea level...
* Performing a 'fake' sea level forcing time-step for bootstrapping...
* Initializing the dummy (no-op) bed deformation model...
  FOUND  topg / standard_name=bedrock_altitude
              \ min,max =     0.000,    0.000 (m)
  FOUND  dbdt / standard_name=tendency_of_bedrock_altitude
              \ min,max =     0.000,    0.000 (mm year-1)
* Initializing the constant ocean model...
  Sub-shelf melt rate set to 0.051914 m/year.
* Performing a 'fake' ocean model time-step for bootstrapping...
* Initializing the surface model reading temperature at the top of the ice
  and ice surface mass flux from a file...
  - Option surface.given_file is not set. Trying the input file 'foo-07.nc'...
  FOUND  climatic_mass_balance / standard_name=land_ice_surface_specific_mass_balance_flux
                               \ min,max =   -18.200,  513.757 (kg m-2 year-1)
  FOUND  ice_surface_temp / temperature of the ice at the ice surface but below firn processes
                          \ min,max =   223.150,  269.067 (Kelvin)
* Performing a 'fake' surface model time-step for bootstrapping...
* Initializing the null-transport (till only) subglacial hydrology model ...
  FOUND  tillwat / effective thickness of subglacial water stored in till
                 \ min,max =     0.000,    0.000 (m)
* Initializing the minimal model for lithosphere:
  stored time-independent geothermal flux applied to ice base...
  FOUND  bheatflx / upward geothermal flux at the bottom bedrock surface
                  \ min,max =    42.000,   42.000 (mW m-2)
* Bootstrapping the enthalpy-based energy balance model from foo-07.nc...
  FOUND  basal_melt_rate_grounded / ice basal melt rate from energy conservation, in ice thickness per time (valid in grounded areas)
                                  \ min,max =     0.000,    0.000 (m year-1)
 - Filling 3D ice temperatures using surface temperature (and mass balance for velocity estimate)...
* Initializing the SIA stress balance modifier...
  [using the Glen-Paterson-Budd-Lliboutry-Duval flow law]
computational domain and grid:
                grid size   31 x 41 x 51
           spatial domain   4000.00 km x 4000.00 km x 4000.00 m
     horizontal grid cell   129032 m x 97561 m
  vertical spacing in ice   uneven, 51 levels, 21.200 m < dz < 138.800 m

WARNING: output variables bwatvel,tauc are not available!

running forward ...
P         time:       ivol      iarea  max_diffusivity  max_hor_vel
U         year   10^6_km^3  10^6_km^2         m^2 s^-1       m/year
S        0.000:    3.07617   16.00000          0.00000      0.00000
... done with run
Writing model state to file `bar-07.nc'...
+ /home/beckmann/pism/build/pismr -i bar-07.nc -regrid_file foo-07.nc -regrid_vars topg -y 0 -o baz-07.nc
Reading configuration parameters (pism_config) from file '/home/beckmann/pism/build/pism_config.nc'.
PISMR (basic evolution run mode) stable v1.1.3 committed by Constantine Khrulev on 2019-03-14 10:58:04 -0800
* Time t = 0.000 found in 'bar-07.nc'; setting current time
* Run time: [0.000, 0.000]  (0.000 years, using the '365_day' calendar)
# Allocating the geometry evolution model...
# Allocating an iceberg remover (part of a calving model)...
# Allocating a stress balance model...
* Initializing bed smoother object with 5.000 km half-width ...
# Allocating an energy balance model...
# Allocating a subglacial hydrology model...
# Allocating a basal yield stress model...
# Allocating a bedrock thermal layer model...
# Allocating a bed deformation model...
# Allocating a surface process model or coupler...
  - Option atmosphere.given_file is not set. Trying the input file 'bar-07.nc'...
  - Option surface.given_file is not set. Trying the input file 'bar-07.nc'...
# Allocating sea level forcing...
# Allocating an ocean model or coupler...
initializing 2D fields from NetCDF file 'bar-07.nc'...
regridding from file foo-07.nc ...
* Using constant (zero) sea level...
* Reading effective sea level forcing from 'bar-07.nc' for re-starting...
* Initializing the dummy (no-op) bed deformation model...
    reading bed topography and uplift from bar-07.nc ... 
  bed deformation: regridding 'topg' from file 'foo-07.nc' ...
  FOUND  topg / standard_name=bedrock_altitude
              \ min,max =     0.000,    0.000 (m)
* Initializing the constant ocean model...
  Sub-shelf melt rate set to 0.051914 m/year.
* Reading effective ocean model outputs from 'bar-07.nc' for re-starting...
* Initializing the surface model reading temperature at the top of the ice
  and ice surface mass flux from a file...
  - Option surface.given_file is not set. Trying the input file 'bar-07.nc'...
  FOUND  climatic_mass_balance / standard_name=land_ice_surface_specific_mass_balance_flux
                               \ min,max =   -18.200,  513.757 (kg m-2 year-1)
  FOUND  ice_surface_temp / temperature of the ice at the ice surface but below firn processes
                          \ min,max =   223.150,  269.067 (Kelvin)
* Reading effective surface model outputs from 'bar-07.nc' for re-starting...
* Initializing the null-transport (till only) subglacial hydrology model ...
* Initializing the minimal model for lithosphere:
  stored time-independent geothermal flux applied to ice base...
* Restarting the enthalpy-based energy balance model from bar-07.nc...
* Initializing the SIA stress balance modifier...
  [using the Glen-Paterson-Budd-Lliboutry-Duval flow law]
computational domain and grid:
                grid size   31 x 41 x 51
           spatial domain   4000.00 km x 4000.00 km x 4000.00 m
     horizontal grid cell   129032 m x 97561 m
  vertical spacing in ice   uneven, 51 levels, 21.200 m < dz < 138.800 m

WARNING: output variables bwatvel,tauc are not available!

running forward ...
P         time:       ivol      iarea  max_diffusivity  max_hor_vel
U         year   10^6_km^3  10^6_km^2         m^2 s^-1       m/year
S        0.000:    3.07617   16.00000          0.00000      0.00000
... done with run
Writing model state to file `baz-07.nc'...
+ set +e
+ /home/beckmann/pism/build/nccmp.py -v topg bar-07.nc baz-07.nc
Comparing bar-07.nc and baz-07.nc
Files are the same within tolerance 0.0e+00
+ '[' 0 '!=' 0 ']'
+ rm -f foo-07.nc bar-07.nc baz-07.nc
+ exit 0
<end of output>
Test time =   0.98 sec
----------------------------------------------------------
Test Passed.
"regridding:bootstrap_vs_regrid_file:test_07.sh" end time: Mar 18 12:31 CET
"regridding:bootstrap_vs_regrid_file:test_07.sh" time elapsed: 00:00:00
----------------------------------------------------------

9/27 Testing: regridding:vertical_direction:test_08.sh
9/27 Test: regridding:vertical_direction:test_08.sh
Command: "/home/beckmann/pism/test/regression/test_08.sh" "/home/beckmann/pism/build" "/p/system/packages/intel/parallel_studio_xe_2018_update1/compilers_and_libraries_2018.1.163/linux/mpi/intel64/bin/mpiexec" "/home/beckmann/pism"
Directory: /home/beckmann/pism/build/test/regression
"regridding:vertical_direction:test_08.sh" start time: Mar 18 12:31 CET
Output:
----------------------------------------------------------
Test # 8: regridding: coarse -> fine -> coarse (vertical direction).
+ /home/beckmann/pism/build/pisms -energy enthalpy -Mx 10 -My 10 -Mz 11 -y 6000 -max_dt 300.0 -o coarse1-08.nc
Reading configuration parameters (pism_config) from file '/home/beckmann/pism/build/pism_config.nc'.
PISMS (simplified geometry mode) stable v1.1.3 committed by Constantine Khrulev on 2019-03-14 10:58:04 -0800
* Run time: [0.000, 6000.000]  (6000.000 years, using the 'none' calendar)
# Allocating the geometry evolution model...
# Allocating an iceberg remover (part of a calving model)...
# Allocating a stress balance model...
# Allocating an energy balance model...
# Allocating a subglacial hydrology model...
# Allocating a basal yield stress model...
# Allocating a bedrock thermal layer model...
# Allocating a bed deformation model...
initializing variables from EISMINT II experiment A formulas... 
* Using constant (zero) sea level...
* Performing a 'fake' sea level forcing time-step for bootstrapping...
* Initializing the dummy (no-op) bed deformation model...
* Performing a 'fake' ocean model time-step for bootstrapping...
setting parameters for surface mass balance and temperature in EISMINT II experiment A ... 
* Performing a 'fake' surface model time-step for bootstrapping...
* Initializing the null-transport (till only) subglacial hydrology model ...
* Initializing the minimal model for lithosphere:
  stored time-independent geothermal flux applied to ice base...
  using constant geothermal flux 0.042000 W m-2 ...
* Bootstrapping the enthalpy-based energy balance model...
 - Filling 3D ice temperatures using surface temperature (and mass balance for velocity estimate)...
* Initializing the SIA stress balance modifier...
  [using the Paterson-Budd flow law]
computational domain and grid:
                grid size   10 x 10 x 11
           spatial domain   1500.00 km x 1500.00 km x 4000.00 m
     horizontal grid cell   166667 m x 166667 m
  vertical spacing in ice   uneven, 11 levels, 130.000 m < dz < 670.000 m

WARNING: output variables bwatvel,tauc are not available!

running forward ...
P         time:       ivol      iarea  max_diffusivity  max_hor_vel
U         year   10^6_km^3  10^6_km^2         m^2 s^-1       m/year
S        0.000:    0.00000    2.77778          0.00000      0.00000
$v$Eh  energy (overrides max) (dt=300.00000)
S      300.000:    0.08339    2.77778          0.00000      0.00000
$v$Eh  energy (overrides max) (dt=300.00000)
S      600.000:    0.16678    2.77778          0.00000      0.00000
$v$Eh  energy (overrides max) (dt=300.00000)
S      900.000:    0.25016    2.77778          0.00000      0.00000
$v$Eh  energy (overrides max) (dt=300.00000)
S     1200.000:    0.33355    2.77778          0.00000      0.00000
$v$Eh  energy (overrides max) (dt=300.00000)
S     1500.000:    0.41694    2.77778          0.00000      0.00000
$v$Eh  energy (overrides max) (dt=300.00000)
S     1800.000:    0.50033    2.77778          0.00001      0.00000
$v$Eh  energy (overrides max) (dt=300.00000)
S     2100.000:    0.58371    2.77778          0.00005      0.00000
$v$Eh  energy (overrides max) (dt=300.00000)
S     2400.000:    0.66710    2.77778          0.00016      0.00000
$v$Eh  energy (overrides max) (dt=300.00000)
S     2700.000:    0.75047    2.77778          0.00043      0.00000
$v$Eh  energy (overrides max) (dt=300.00000)
S     3000.000:    0.83383    2.77778          0.00101      0.00000
$v$Eh  energy (overrides max) (dt=300.00000)
S     3300.000:    0.91715    2.77778          0.00217      0.00000
$v$Eh  energy (overrides max) (dt=300.00000)
S     3600.000:    1.00040    2.77778          0.00436      0.00000
$v$Eh  energy (overrides max) (dt=300.00000)
S     3900.000:    1.08350    2.77778          0.00822      0.00000
$v$Eh  energy (overrides max) (dt=300.00000)
S     4200.000:    1.16633    2.77778          0.01471      0.00000
$v$Eh  energy (overrides max) (dt=300.00000)
S     4500.000:    1.24872    2.77778          0.02513      0.00000
$v$Eh  energy (overrides max) (dt=300.00000)
S     4800.000:    1.33041    2.77778          0.04109      0.00000
$v$Eh  energy (overrides max) (dt=300.00000)
S     5100.000:    1.41103    2.77778          0.06435      0.00000
$v$Eh  energy (overrides max) (dt=300.00000)
S     5400.000:    1.49015    2.77778          0.09650      0.00000
$v$Eh  energy (overrides max) (dt=300.00000)
S     5700.000:    1.56731    2.77778          0.13827      0.00000
$v$Eh  end of the run (overrides energy) (dt=300.00000)
S     6000.000:    1.64210    2.77778          0.18889      0.00000
... done with run 
Writing model state to file `coarse1-08.nc'...
+ /home/beckmann/pism/build/pisms -energy enthalpy -Mx 10 -My 10 -Mz 21 -y 6000 -max_dt 300.0 -o fine1-08.nc
Reading configuration parameters (pism_config) from file '/home/beckmann/pism/build/pism_config.nc'.
PISMS (simplified geometry mode) stable v1.1.3 committed by Constantine Khrulev on 2019-03-14 10:58:04 -0800
* Run time: [0.000, 6000.000]  (6000.000 years, using the 'none' calendar)
# Allocating the geometry evolution model...
# Allocating an iceberg remover (part of a calving model)...
# Allocating a stress balance model...
# Allocating an energy balance model...
# Allocating a subglacial hydrology model...
# Allocating a basal yield stress model...
# Allocating a bedrock thermal layer model...
# Allocating a bed deformation model...
initializing variables from EISMINT II experiment A formulas... 
* Using constant (zero) sea level...
* Performing a 'fake' sea level forcing time-step for bootstrapping...
* Initializing the dummy (no-op) bed deformation model...
* Performing a 'fake' ocean model time-step for bootstrapping...
setting parameters for surface mass balance and temperature in EISMINT II experiment A ... 
* Performing a 'fake' surface model time-step for bootstrapping...
* Initializing the null-transport (till only) subglacial hydrology model ...
* Initializing the minimal model for lithosphere:
  stored time-independent geothermal flux applied to ice base...
  using constant geothermal flux 0.042000 W m-2 ...
* Bootstrapping the enthalpy-based energy balance model...
 - Filling 3D ice temperatures using surface temperature (and mass balance for velocity estimate)...
* Initializing the SIA stress balance modifier...
  [using the Paterson-Budd flow law]
computational domain and grid:
                grid size   10 x 10 x 21
           spatial domain   1500.00 km x 1500.00 km x 4000.00 m
     horizontal grid cell   166667 m x 166667 m
  vertical spacing in ice   uneven, 21 levels, 57.500 m < dz < 342.500 m

WARNING: output variables bwatvel,tauc are not available!

running forward ...
P         time:       ivol      iarea  max_diffusivity  max_hor_vel
U         year   10^6_km^3  10^6_km^2         m^2 s^-1       m/year
S        0.000:    0.00000    2.77778          0.00000      0.00000
$v$Eh  energy (overrides max) (dt=300.00000)
S      300.000:    0.08339    2.77778          0.00000      0.00000
$v$Eh  energy (overrides max) (dt=300.00000)
S      600.000:    0.16678    2.77778          0.00000      0.00000
$v$Eh  energy (overrides max) (dt=300.00000)
S      900.000:    0.25016    2.77778          0.00000      0.00000
$v$Eh  energy (overrides max) (dt=300.00000)
S     1200.000:    0.33355    2.77778          0.00000      0.00000
$v$Eh  energy (overrides max) (dt=300.00000)
S     1500.000:    0.41694    2.77778          0.00000      0.00000
$v$Eh  energy (overrides max) (dt=300.00000)
S     1800.000:    0.50033    2.77778          0.00001      0.00000
$v$Eh  energy (overrides max) (dt=300.00000)
S     2100.000:    0.58371    2.77778          0.00005      0.00000
$v$Eh  energy (overrides max) (dt=300.00000)
S     2400.000:    0.66710    2.77778          0.00015      0.00000
$v$Eh  energy (overrides max) (dt=300.00000)
S     2700.000:    0.75048    2.77778          0.00040      0.00000
$v$Eh  energy (overrides max) (dt=300.00000)
S     3000.000:    0.83384    2.77778          0.00095      0.00000
$v$Eh  energy (overrides max) (dt=300.00000)
S     3300.000:    0.91716    2.77778          0.00205      0.00000
$v$Eh  energy (overrides max) (dt=300.00000)
S     3600.000:    1.00042    2.77778          0.00411      0.00000
$v$Eh  energy (overrides max) (dt=300.00000)
S     3900.000:    1.08354    2.77778          0.00775      0.00000
$v$Eh  energy (overrides max) (dt=300.00000)
S     4200.000:    1.16641    2.77778          0.01386      0.00000
$v$Eh  energy (overrides max) (dt=300.00000)
S     4500.000:    1.24887    2.77778          0.02365      0.00000
$v$Eh  energy (overrides max) (dt=300.00000)
S     4800.000:    1.33065    2.77778          0.03864      0.00000
$v$Eh  energy (overrides max) (dt=300.00000)
S     5100.000:    1.41143    2.77778          0.06053      0.00000
$v$Eh  energy (overrides max) (dt=300.00000)
S     5400.000:    1.49078    2.77778          0.09083      0.00000
$v$Eh  energy (overrides max) (dt=300.00000)
S     5700.000:    1.56824    2.77778          0.13035      0.00000
$v$Eh  end of the run (overrides energy) (dt=300.00000)
S     6000.000:    1.64341    2.77778          0.17849      0.00000
... done with run 
Writing model state to file `fine1-08.nc'...
+ /home/beckmann/pism/build/pismr -i fine1-08.nc -regrid_file coarse1-08.nc -regrid_vars enthalpy -y 0 -grid.registration corner -o fine2-08.nc
Reading configuration parameters (pism_config) from file '/home/beckmann/pism/build/pism_config.nc'.
PISMR (basic evolution run mode) stable v1.1.3 committed by Constantine Khrulev on 2019-03-14 10:58:04 -0800
* Time t = 6003.981 found in 'fine1-08.nc'; setting current time
* Run time: [6003.981, 6003.981]  (0.000 years, using the '365_day' calendar)
# Allocating the geometry evolution model...
# Allocating an iceberg remover (part of a calving model)...
# Allocating a stress balance model...
* Initializing bed smoother object with 5.000 km half-width ...
# Allocating an energy balance model...
# Allocating a subglacial hydrology model...
# Allocating a basal yield stress model...
# Allocating a bedrock thermal layer model...
# Allocating a bed deformation model...
# Allocating a surface process model or coupler...
  - Option atmosphere.given_file is not set. Trying the input file 'fine1-08.nc'...
  - Option surface.given_file is not set. Trying the input file 'fine1-08.nc'...
# Allocating sea level forcing...
# Allocating an ocean model or coupler...
initializing 2D fields from NetCDF file 'fine1-08.nc'...
regridding from file coarse1-08.nc ...
* Using constant (zero) sea level...
* Reading effective sea level forcing from 'fine1-08.nc' for re-starting...
* Initializing the dummy (no-op) bed deformation model...
    reading bed topography and uplift from fine1-08.nc ... 
* Initializing the constant ocean model...
  Sub-shelf melt rate set to 0.051914 m/year.
* Reading effective ocean model outputs from 'fine1-08.nc' for re-starting...
* Initializing the surface model reading temperature at the top of the ice
  and ice surface mass flux from a file...
  - Option surface.given_file is not set. Trying the input file 'fine1-08.nc'...
  FOUND  climatic_mass_balance / standard_name=land_ice_surface_specific_mass_balance_flux
                               \ min,max = -5557.008,  455.000 (kg m-2 year-1)
  FOUND  ice_surface_temp / temperature of the ice at the ice surface but below firn processes
                          \ min,max =   240.118,  255.863 (Kelvin)
* Reading effective surface model outputs from 'fine1-08.nc' for re-starting...
* Initializing the null-transport (till only) subglacial hydrology model ...
* Initializing the minimal model for lithosphere:
  stored time-independent geothermal flux applied to ice base...
* Restarting the enthalpy-based energy balance model from fine1-08.nc...
  FOUND  enthalpy / ice enthalpy (includes sensible heat, latent heat, pressure)
                  \ min,max = 34088.941,65720.467 (J kg-1)
* Initializing the SIA stress balance modifier...
  [using the Glen-Paterson-Budd-Lliboutry-Duval flow law]
computational domain and grid:
                grid size   10 x 10 x 21
           spatial domain   1500.00 km x 1500.00 km x 4000.00 m
     horizontal grid cell   166667 m x 166667 m
  vertical spacing in ice   uneven, 21 levels, 57.500 m < dz < 342.500 m

WARNING: output variables bwatvel,tauc are not available!

running forward ...
P         time:       ivol      iarea  max_diffusivity  max_hor_vel
U         year   10^6_km^3  10^6_km^2         m^2 s^-1       m/year
S     6003.981:    1.64341    2.77778          0.00000      0.00000
... done with run
Writing model state to file `fine2-08.nc'...
+ /home/beckmann/pism/build/pismr -i coarse1-08.nc -regrid_file fine2-08.nc -regrid_vars enthalpy -y 0 -grid.registration corner -o coarse2-08.nc
Reading configuration parameters (pism_config) from file '/home/beckmann/pism/build/pism_config.nc'.
PISMR (basic evolution run mode) stable v1.1.3 committed by Constantine Khrulev on 2019-03-14 10:58:04 -0800
* Time t = 6003.981 found in 'coarse1-08.nc'; setting current time
* Run time: [6003.981, 6003.981]  (0.000 years, using the '365_day' calendar)
# Allocating the geometry evolution model...
# Allocating an iceberg remover (part of a calving model)...
# Allocating a stress balance model...
* Initializing bed smoother object with 5.000 km half-width ...
# Allocating an energy balance model...
# Allocating a subglacial hydrology model...
# Allocating a basal yield stress model...
# Allocating a bedrock thermal layer model...
# Allocating a bed deformation model...
# Allocating a surface process model or coupler...
  - Option atmosphere.given_file is not set. Trying the input file 'coarse1-08.nc'...
  - Option surface.given_file is not set. Trying the input file 'coarse1-08.nc'...
# Allocating sea level forcing...
# Allocating an ocean model or coupler...
initializing 2D fields from NetCDF file 'coarse1-08.nc'...
regridding from file fine2-08.nc ...
* Using constant (zero) sea level...
* Reading effective sea level forcing from 'coarse1-08.nc' for re-starting...
* Initializing the dummy (no-op) bed deformation model...
    reading bed topography and uplift from coarse1-08.nc ... 
* Initializing the constant ocean model...
  Sub-shelf melt rate set to 0.051914 m/year.
* Reading effective ocean model outputs from 'coarse1-08.nc' for re-starting...
* Initializing the surface model reading temperature at the top of the ice
  and ice surface mass flux from a file...
  - Option surface.given_file is not set. Trying the input file 'coarse1-08.nc'...
  FOUND  climatic_mass_balance / standard_name=land_ice_surface_specific_mass_balance_flux
                               \ min,max = -5557.008,  455.000 (kg m-2 year-1)
  FOUND  ice_surface_temp / temperature of the ice at the ice surface but below firn processes
                          \ min,max =   240.118,  255.863 (Kelvin)
* Reading effective surface model outputs from 'coarse1-08.nc' for re-starting...
* Initializing the null-transport (till only) subglacial hydrology model ...
* Initializing the minimal model for lithosphere:
  stored time-independent geothermal flux applied to ice base...
* Restarting the enthalpy-based energy balance model from coarse1-08.nc...
  FOUND  enthalpy / ice enthalpy (includes sensible heat, latent heat, pressure)
                  \ min,max = 34088.941,65720.467 (J kg-1)
* Initializing the SIA stress balance modifier...
  [using the Glen-Paterson-Budd-Lliboutry-Duval flow law]
computational domain and grid:
                grid size   10 x 10 x 11
           spatial domain   1500.00 km x 1500.00 km x 4000.00 m
     horizontal grid cell   166667 m x 166667 m
  vertical spacing in ice   uneven, 11 levels, 130.000 m < dz < 670.000 m

WARNING: output variables bwatvel,tauc are not available!

running forward ...
P         time:       ivol      iarea  max_diffusivity  max_hor_vel
U         year   10^6_km^3  10^6_km^2         m^2 s^-1       m/year
S     6003.981:    1.64210    2.77778          0.00000      0.00000
... done with run
Writing model state to file `coarse2-08.nc'...
+ set +e
+ /home/beckmann/pism/build/nccmp.py -t 1e-16 -v enthalpy coarse1-08.nc coarse2-08.nc
Comparing coarse1-08.nc and coarse2-08.nc
Files are the same within tolerance 1.0e-16
+ '[' 0 '!=' 0 ']'
+ rm -f coarse1-08.nc coarse2-08.nc fine1-08.nc fine2-08.nc
+ exit 0
<end of output>
Test time =   1.43 sec
----------------------------------------------------------
Test Passed.
"regridding:vertical_direction:test_08.sh" end time: Mar 18 12:31 CET
"regridding:vertical_direction:test_08.sh" time elapsed: 00:00:01
----------------------------------------------------------

10/27 Testing: regridding:variable_order:test_09.sh
10/27 Test: regridding:variable_order:test_09.sh
Command: "/home/beckmann/pism/test/regression/test_09.sh" "/home/beckmann/pism/build" "/p/system/packages/intel/parallel_studio_xe_2018_update1/compilers_and_libraries_2018.1.163/linux/mpi/intel64/bin/mpiexec" "/home/beckmann/pism"
Directory: /home/beckmann/pism/build/test/regression
"regridding:variable_order:test_09.sh" start time: Mar 18 12:31 CET
Output:
----------------------------------------------------------
Test # 9: 3D regridding from files with different variable orders.
+ /p/system/packages/intel/parallel_studio_xe_2018_update1/compilers_and_libraries_2018.1.163/linux/mpi/intel64/bin/mpiexec -n 1 /home/beckmann/pism/build/pisms -eisII I -Mx 51 -My 60 -Mz 21 -Mbz 21 -Lbz 1000 -y 0 -o foo-09.nc
Reading configuration parameters (pism_config) from file '/home/beckmann/pism/build/pism_config.nc'.
PISMS (simplified geometry mode) stable v1.1.3 committed by Constantine Khrulev on 2019-03-14 10:58:04 -0800
* Run time: [0.000, 0.000]  (0.000 years, using the 'none' calendar)
# Allocating the geometry evolution model...
# Allocating an iceberg remover (part of a calving model)...
# Allocating a stress balance model...
# Allocating an energy balance model...
# Allocating a subglacial hydrology model...
# Allocating a basal yield stress model...
# Allocating a bedrock thermal layer model...
# Allocating a bed deformation model...
initializing variables from EISMINT II experiment I formulas... 
* Using constant (zero) sea level...
* Performing a 'fake' sea level forcing time-step for bootstrapping...
* Initializing the dummy (no-op) bed deformation model...
* Performing a 'fake' ocean model time-step for bootstrapping...
setting parameters for surface mass balance and temperature in EISMINT II experiment I ... 
* Performing a 'fake' surface model time-step for bootstrapping...
* Initializing the null-transport (till only) subglacial hydrology model ...
* Initializing the bedrock thermal unit...
  using constant geothermal flux 0.042000 W m-2 ...
* Bootstrapping the temperature-based energy balance model...
 - Filling 3D ice temperatures using surface temperature (and mass balance for velocity estimate)...
* Initializing the SIA stress balance modifier...
  [using the Paterson-Budd flow law]
computational domain and grid:
                grid size   51 x 60 x 21
           spatial domain   1500.00 km x 1500.00 km x 4000.00 m
     horizontal grid cell   30000 m x 25424 m
  vertical spacing in ice   uneven, 21 levels, 57.500 m < dz < 342.500 m

WARNING: output variables bwatvel,tauc are not available!

running forward ...
P         time:       ivol      iarea  max_diffusivity  max_hor_vel
U         year   10^6_km^3  10^6_km^2         m^2 s^-1       m/year
S        0.000:    0.00000    2.33390          0.00000      0.00000
[...]
  - Option surface.given_file is not set. Trying the input file 'input-vertical-grid.nc'...
# Allocating sea level forcing...
# Allocating an ocean model or coupler...
bootstrapping from file 'input-vertical-grid.nc'...
  WARNING: 'mask' found; IGNORING IT!
  WARNING: surface elevation 'usurf' found; IGNORING IT!
  reading 2D model state variables by regridding ...
  FOUND  lon / standard_name=longitude 
             \ min,max =     0.000,    0.000 (degree_east)
  FOUND  lat / standard_name=latitude  
             \ min,max =     0.000,    0.000 (degree_north)
  FOUND  thk / standard_name=land_ice_thickness
             \ min,max =     0.000,    0.000 (m)
* Using constant (zero) sea level...
* Performing a 'fake' sea level forcing time-step for bootstrapping...
* Initializing the dummy (no-op) bed deformation model...
  FOUND  topg / standard_name=bedrock_altitude
              \ min,max =     0.000,    0.000 (m)
  FOUND  dbdt / standard_name=tendency_of_bedrock_altitude
              \ min,max =     0.000,    0.000 (mm year-1)
* Initializing the constant ocean model...
  Sub-shelf melt rate set to 0.051914 m/year.
* Performing a 'fake' ocean model time-step for bootstrapping...
* Initializing the surface model reading temperature at the top of the ice
  and ice surface mass flux from a file...
  - Option surface.given_file is not set. Trying the input file 'input-vertical-grid.nc'...
  FOUND  climatic_mass_balance / standard_name=land_ice_surface_specific_mass_balance_flux
                               \ min,max = -5557.008,  455.000 (kg m-2 year-1)
  FOUND  ice_surface_temp / temperature of the ice at the ice surface but below firn processes
                          \ min,max =   238.150,  255.863 (Kelvin)
* Performing a 'fake' surface model time-step for bootstrapping...
* Initializing the null-transport (till only) subglacial hydrology model ...
  FOUND  tillwat / effective thickness of subglacial water stored in till
                 \ min,max =     0.000,    0.000 (m)
* Initializing the minimal model for lithosphere:
  stored time-independent geothermal flux applied to ice base...
  FOUND  bheatflx / upward geothermal flux at the bottom bedrock surface
                  \ min,max =    42.000,   42.000 (mW m-2)
* Bootstrapping the enthalpy-based energy balance model from input-vertical-grid.nc...
  FOUND  basal_melt_rate_grounded / ice basal melt rate from energy conservation, in ice thickness per time (valid in grounded areas)
                                  \ min,max =     0.000,    0.000 (m year-1)
 - Filling 3D ice temperatures using surface temperature (and mass balance for velocity estimate)...
* Initializing the SIA stress balance modifier...
  [using the Glen-Paterson-Budd-Lliboutry-Duval flow law]
computational domain and grid:
                grid size   61 x 61 x 21
           spatial domain   1525.00 km x 1525.00 km x 2000.00 m
     horizontal grid cell   25000 m x 25000 m
  vertical spacing in ice   dz = 100.000 m (equal spacing)

WARNING: output variables bwatvel,tauc are not available!

running forward ...
P         time:       ivol      iarea  max_diffusivity  max_hor_vel
U         year   10^6_km^3  10^6_km^2         m^2 s^-1       m/year
S        0.000:    0.00000    2.32563          0.00000      0.00000
$v$Eh  energy (overrides max) (dt=60.03981)
S       60.040:    0.01704    2.32563          0.00000      0.00000
$v$Eh  energy (overrides max) (dt=60.03981)
S      120.080:    0.03407    2.32563          0.00000      0.00000
$v$Eh  energy (overrides max) (dt=60.03981)
S      180.119:    0.05111    2.32563          0.00000      0.00000
$v$Eh  energy (overrides max) (dt=60.03981)
S      240.159:    0.06815    2.32563          0.00000      0.00000
$v$Eh  energy (overrides max) (dt=60.03981)
S      300.199:    0.08519    2.32563          0.00000      0.00000
$v$Eh  energy (overrides max) (dt=60.03981)
S      360.239:    0.10222    2.32563          0.00000      0.00000
$v$Eh  energy (overrides max) (dt=60.03981)
S      420.279:    0.11926    2.32563          0.00000      0.00000
$v$Eh  energy (overrides max) (dt=60.03981)
S      480.319:    0.13630    2.32563          0.00000      0.00000
$v$Eh  energy (overrides max) (dt=60.03981)
S      540.358:    0.15333    2.32563          0.00000      0.00000
$v$Eh  energy (overrides max) (dt=60.03981)
S      600.398:    0.17037    2.32563          0.00000      0.00000
$v$Eh  energy (overrides max) (dt=60.03981)
S      660.438:    0.18741    2.32563          0.00000      0.00000
$v$Eh  energy (overrides max) (dt=60.03981)
S      720.478:    0.20444    2.32563          0.00000      0.00000
$v$Eh  energy (overrides max) (dt=60.03981)
S      780.518:    0.22148    2.32563          0.00000      0.00000
$v$Eh  energy (overrides max) (dt=60.03981)
S      840.557:    0.23852    2.32563          0.00000      0.00000
$v$Eh  energy (overrides max) (dt=60.03981)
S      900.597:    0.25556    2.32563          0.00001      0.00000
$v$Eh  energy (overrides max) (dt=60.03981)
S      960.637:    0.27259    2.32563          0.00001      0.00000
$v$Eh  energy (overrides max) (dt=60.03981)
S     1020.677:    0.28963    2.32563          0.00001      0.00000
$v$Eh  energy (overrides max) (dt=60.03981)
S     1080.717:    0.30667    2.32563          0.00002      0.00000
$v$Eh  energy (overrides max) (dt=60.03981)
S     1140.756:    0.32370    2.32563          0.00003      0.00000
$v$Eh  energy (overrides max) (dt=60.03981)
S     1200.796:    0.34074    2.32563          0.00005      0.00000
$v$Eh  energy (overrides max) (dt=60.03981)
S     1260.836:    0.35778    2.32563          0.00007      0.00000
$v$Eh  energy (overrides max) (dt=60.03981)
S     1320.876:    0.37482    2.32563          0.00009      0.00000
$v$Eh  energy (overrides max) (dt=60.03981)
S     1380.916:    0.39185    2.32563          0.00013      0.00000
$v$Eh  energy (overrides max) (dt=60.03981)
S     1440.956:    0.40889    2.32563          0.00018      0.00000
$v$Eh  energy (overrides max) (dt=60.03981)
S     1500.995:    0.42593    2.32563          0.00024      0.00000
$v$Eh  energy (overrides max) (dt=60.03981)
S     1561.035:    0.44296    2.32563          0.00033      0.00000
$v$Eh  energy (overrides max) (dt=60.03981)
S     1621.075:    0.46000    2.32563          0.00043      0.00000
$v$Eh  energy (overrides max) (dt=60.03981)
S     1681.115:    0.47704    2.32563          0.00056      0.00000
$v$Eh  energy (overrides max) (dt=60.03981)
S     1741.155:    0.49407    2.32563          0.00073      0.00000
$v$Eh  energy (overrides max) (dt=60.03981)
S     1801.194:    0.51111    2.32563          0.00093      0.00000
$v$Eh  energy (overrides max) (dt=60.03981)
S     1861.234:    0.52815    2.32563          0.00117      0.00000
$v$Eh  energy (overrides max) (dt=60.03981)
S     1921.274:    0.54519    2.32563          0.00146      0.00000
$v$Eh  energy (overrides max) (dt=60.03981)
S     1981.314:    0.56222    2.32563          0.00181      0.00000
$v$Eh  energy (overrides max) (dt=60.03981)
S     2041.354:    0.57926    2.32563          0.00222      0.00000
$v$Eh  energy (overrides max) (dt=60.03981)
S     2101.393:    0.59630    2.32563          0.00269      0.00000
$v$Eh  energy (overrides max) (dt=60.03981)
S     2161.433:    0.61333    2.32563          0.00323      0.00000
$v$Eh  energy (overrides max) (dt=60.03981)
S     2221.473:    0.63037    2.32563          0.00385      0.00000
$v$Eh  energy (overrides max) (dt=60.03981)
S     2281.513:    0.64741    2.32563          0.00453      0.00000
$v$Eh  energy (overrides max) (dt=60.03981)
S     2341.553:    0.66444    2.32563          0.00528      0.00000
$v$Eh  energy (overrides max) (dt=60.03981)
S     2401.593:    0.68148    2.32563          0.00609      0.00000
$v$Eh  energy (overrides max) (dt=60.03981)
S     2461.632:    0.69852    2.32563          0.00701      0.00000
$v$Eh  energy (overrides max) (dt=60.03981)
S     2521.672:    0.71555    2.32563          0.00803      0.00000
$v$Eh  energy (overrides max) (dt=60.03981)
S     2581.712:    0.73259    2.32563          0.00911      0.00000
$v$Eh  energy (overrides max) (dt=60.03981)
S     2641.752:    0.74962    2.32563          0.01025      0.00000
$v$Eh  energy (overrides max) (dt=60.03981)
S     2701.792:    0.76666    2.32563          0.01143      0.00000
$v$Eh  energy (overrides max) (dt=60.03981)
S     2761.831:    0.78369    2.32563          0.01270      0.00000
$v$Eh  energy (overrides max) (dt=60.03981)
S     2821.871:    0.80073    2.32563          0.01426      0.00000
$v$Eh  energy (overrides max) (dt=60.03981)
S     2881.911:    0.81776    2.32563          0.01588      0.00000
$v$Eh  energy (overrides max) (dt=60.03981)
S     2941.951:    0.83479    2.32563          0.01753      0.00000
$v$Eh  end of the run (overrides energy) (dt=58.04914)
S     3000.000:    0.85126    2.32563          0.01920      0.00000
... done with run
Writing model state to file `ok-vertical-grid.nc'...
+ /home/beckmann/pism/build/nccmp.py -x -v timestamp -r -t 1e-7 fixed-vertical-grid.nc ok-vertical-grid.nc
Comparing fixed-vertical-grid.nc and ok-vertical-grid.nc
Variable basal_melt_rate_grounded: difference = 0.000000e+00, denominator = 0.000000e+00
Variable bc_mask: difference = 0.000000e+00, denominator = 0.000000e+00
Variable bheatflx: difference = 0.000000e+00, denominator = 4.200000e+01
  Relative difference = 0.000000e+00
Variable bwat: difference = 0.000000e+00, denominator = 0.000000e+00
Variable climatic_mass_balance: difference = 0.000000e+00, denominator = 5.557008e+03
  Relative difference = 0.000000e+00
Variable dbdt: difference = 0.000000e+00, denominator = 0.000000e+00
Variable diffusivity: difference = 0.000000e+00, denominator = 1.435612e-02
  Relative difference = 0.000000e+00
Variable effective_climatic_mass_balance: difference = 0.000000e+00, denominator = 5.557008e+03
  Relative difference = 0.000000e+00
Variable effective_ice_surface_liquid_water_fraction: difference = 0.000000e+00, denominator = 0.000000e+00
Variable effective_ice_surface_temp: difference = 0.000000e+00, denominator = 2.558630e+02
  Relative difference = 0.000000e+00
Variable effective_sea_level_elevation: difference = 0.000000e+00, denominator = 0.000000e+00
Variable effective_surface_layer_mass: difference = 0.000000e+00, denominator = 0.000000e+00
Variable effective_surface_layer_thickness: difference = 0.000000e+00, denominator = 0.000000e+00
Variable eigen1: difference = 0.000000e+00, denominator = 4.955247e-12
  Relative difference = 0.000000e+00
Variable eigen2: difference = 0.000000e+00, denominator = 8.444771e-12
  Relative difference = 0.000000e+00
Variable enthalpy: difference = 0.000000e+00, denominator = 6.572047e+04
  Relative difference = 0.000000e+00
Variable flux_mag: difference = 0.000000e+00, denominator = 8.689240e+03
  Relative difference = 0.000000e+00
Variable ice_area_specific_volume: difference = 0.000000e+00, denominator = 0.000000e+00
Variable ice_surface_temp: difference = 0.000000e+00, denominator = 2.558630e+02
  Relative difference = 0.000000e+00
Variable lat: difference = 0.000000e+00, denominator = 0.000000e+00
Variable liqfrac: difference = 0.000000e+00, denominator = 0.000000e+00
Variable lon: difference = 0.000000e+00, denominator = 0.000000e+00
Variable mask: difference = 0.000000e+00, denominator = 2.000000e+00
  Relative difference = 0.000000e+00
Variable melange_back_pressure_fraction: difference = 0.000000e+00, denominator = 0.000000e+00
Variable pism_config: difference = 0.000000e+00, denominator = 0.000000e+00
Variable run_stats: difference = 0.000000e+00, denominator = 0.000000e+00
Variable schoofs_theta: difference = 0.000000e+00, denominator = 1.000000e+00
  Relative difference = 0.000000e+00
Variable shelfbmassflux: difference = 0.000000e+00, denominator = 4.724192e+01
  Relative difference = 0.000000e+00
Variable shelfbtemp: difference = 0.000000e+00, denominator = 2.731500e+02
  Relative difference = 0.000000e+00
Variable taub_mag: difference = 0.000000e+00, denominator = 0.000000e+00
Variable taud_mag: difference = 0.000000e+00, denominator = 2.227808e+05
  Relative difference = 0.000000e+00
Variable temp_pa: difference = 0.000000e+00, denominator = 3.500000e+01
  Relative difference = 0.000000e+00
Variable thk: difference = 0.000000e+00, denominator = 1.499005e+03
  Relative difference = 0.000000e+00
Variable tillwat: difference = 0.000000e+00, denominator = 0.000000e+00
Variable time: difference = 0.000000e+00, denominator = 9.460800e+10
  Relative difference = 0.000000e+00
Variable topg: difference = 0.000000e+00, denominator = 0.000000e+00
Variable topgsmooth: difference = 0.000000e+00, denominator = 0.000000e+00
Variable u_ssa_bc: difference = 0.000000e+00, denominator = 0.000000e+00
Variable uflux: difference = 0.000000e+00, denominator = 8.511362e+03
  Relative difference = 0.000000e+00
Variable usurf: difference = 0.000000e+00, denominator = 1.499005e+03
  Relative difference = 0.000000e+00
Variable uvelsurf: difference = 0.000000e+00, denominator = 8.917369e+00
  Relative difference = 0.000000e+00
Variable v_ssa_bc: difference = 0.000000e+00, denominator = 0.000000e+00
Variable velbar_mag: difference = 0.000000e+00, denominator = 7.680436e+00
  Relative difference = 0.000000e+00
Variable velbase_mag: difference = 0.000000e+00, denominator = 0.000000e+00
Variable velsurf_mag: difference = 0.000000e+00, denominator = 9.103376e+00
  Relative difference = 0.000000e+00
Variable vflux: difference = 0.000000e+00, denominator = 8.511362e+03
  Relative difference = 0.000000e+00
Variable vvelsurf: difference = 0.000000e+00, denominator = 8.917369e+00
  Relative difference = 0.000000e+00
Variable wvelsurf: difference = 0.000000e+00, denominator = 2.370237e-01
  Relative difference = 0.000000e+00
Variable x: difference = 0.000000e+00, denominator = 7.500000e+05
  Relative difference = 0.000000e+00
Variable y: difference = 0.000000e+00, denominator = 7.500000e+05
  Relative difference = 0.000000e+00
Variable z: difference = 0.000000e+00, denominator = 2.000000e+03
  Relative difference = 0.000000e+00
Files are the same within relative tolerance 1.0e-07
+ '[' 0 '!=' 0 ']'
+ /home/beckmann/pism/build/nccmp.py -v thk,enthalpy fixed-vertical-grid.nc ok-vertical-grid.nc
Comparing fixed-vertical-grid.nc and ok-vertical-grid.nc
Files are the same within tolerance 0.0e+00
+ '[' 0 '!=' 0 ']'
+ rm -f input-vertical-grid.nc fixed-vertical-grid.nc ok-vertical-grid.nc too-short-vertical-grid_max_thickness.nc
+ exit 0
<end of output>
Test time =   2.80 sec
----------------------------------------------------------
Test Passed.
"vertical_grid_expansion:vertical_grid_expansion.sh" end time: Mar 18 13:22 CET
"vertical_grid_expansion:vertical_grid_expansion.sh" time elapsed: 00:00:02
----------------------------------------------------------

26/27 Testing: bed_deformation:LC:exact_restartability:bed_def_lc_restart.sh
26/27 Test: bed_deformation:LC:exact_restartability:bed_def_lc_restart.sh
Command: "/home/beckmann/pism/test/regression/bed_def_lc_restart.sh" "/home/beckmann/pism/build" "/p/system/packages/intel/parallel_studio_xe_2018_update1/compilers_and_libraries_2018.1.163/linux/mpi/intel64/bin/mpiexec" "/home/beckmann/pism"
Directory: /home/beckmann/pism/build/test/regression
"bed_deformation:LC:exact_restartability:bed_def_lc_restart.sh" start time: Mar 18 13:22 CET
Output:
----------------------------------------------------------

===================================================================================
=   BAD TERMINATION OF ONE OF YOUR APPLICATION PROCESSES
=   PID 33027 RUNNING AT login02
=   EXIT CODE: 139
=   CLEANING UP REMAINING PROCESSES
=   YOU CAN IGNORE THE BELOW CLEANUP MESSAGES
===================================================================================

===================================================================================
=   BAD TERMINATION OF ONE OF YOUR APPLICATION PROCESSES
=   PID 33031 RUNNING AT login02
=   EXIT CODE: 11
=   CLEANING UP REMAINING PROCESSES
=   YOU CAN IGNORE THE BELOW CLEANUP MESSAGES
===================================================================================
   Intel(R) MPI Library troubleshooting guide:
      https://software.intel.com/node/561764
===================================================================================
<end of output>
Test time =   0.16 sec
----------------------------------------------------------
Test Failed.
"bed_deformation:LC:exact_restartability:bed_def_lc_restart.sh" end time: Mar 18 13:22 CET
"bed_deformation:LC:exact_restartability:bed_def_lc_restart.sh" time elapsed: 00:00:00
----------------------------------------------------------

27/27 Testing: epsg_code_processing:test_epsg_processing.py
27/27 Test: epsg_code_processing:test_epsg_processing.py
Command: "/home/beckmann/pism/test/regression/test_epsg_processing.py" "/home/beckmann/pism/build" "/p/system/packages/intel/parallel_studio_xe_2018_update1/compilers_and_libraries_2018.1.163/linux/mpi/intel64/bin/mpiexec" "/home/beckmann/pism"
Directory: /home/beckmann/pism/build/test/regression
"epsg_code_processing:test_epsg_processing.py" start time: Mar 18 13:22 CET
Output:
----------------------------------------------------------
PISM ERROR: inconsistent metadata:
            PROJ.4 string "+init=epsg:3413" requires grid_mapping_name = "polar_stereographic",
            but the mapping variable has no grid_mapping_name.
            while getting projection info from both-string-missing.nc
PISM ERROR: inconsistent metadata:
            +init=epsg:3413 requires grid_mapping_name = "polar_stereographic",
            but the mapping variable has grid_mapping_name = "wrong".
            while getting projection info from both-string-mismatch.nc
PISM ERROR: inconsistent metadata:
            +init=epsg:3413 requires standard_parallel = 70.000000,
            but the mapping variable has no standard_parallel.
            while getting projection info from both-double-missing.nc
PISM ERROR: inconsistent metadata:
            +init=epsg:3413 requires standard_parallel = 70.000000,
            but the mapping variable has standard_parallel = 45.000000.
            while getting projection info from both-double-mismatch.nc
/home/beckmann/pism/build/pisms -verbose 1 -Mx 3 -My 3 -Mz 5 -y 10 -o pisms-output.nc
Test running PISM initialized from a file w/o mapping  but with proj4...
/home/beckmann/pism/build/pismr -verbose 1 -i pisms-output.nc -y 10 -o both-consistent.nc
Test that the mapping variable was initialized using the proj4 attribute...
Test re-starting PISM with consistent proj4 and mapping...
/home/beckmann/pism/build/pismr -verbose 1 -i both-consistent.nc -o pismr-output.nc
Test that PISM stops if a required string attribute is missing...
/home/beckmann/pism/build/pismr -verbose 1 -i both-string-missing.nc -o pismr-output.nc
Test that PISM stops if a required string attribute has a wrong value...
/home/beckmann/pism/build/pismr -verbose 1 -i both-string-mismatch.nc -o pismr-output.nc
Test that PISM stops when a required double attribute is missing...
/home/beckmann/pism/build/pismr -verbose 1 -i both-double-missing.nc -o pismr-output.nc
Test that PISM stops if a required double attribute has a wrong value...
/home/beckmann/pism/build/pismr -verbose 1 -i both-double-mismatch.nc -o pismr-output.nc
Removing pisms-output.nc...
Removing pismr-output.nc...
Removing both-consistent.nc...
Removing both-string-missing.nc...
Removing both-string-mismatch.nc...
Removing both-double-missing.nc...
Removing both-double-mismatch.nc...
<end of output>
Test time =   1.86 sec
----------------------------------------------------------
Test Passed.
"epsg_code_processing:test_epsg_processing.py" end time: Mar 18 13:22 CET
"epsg_code_processing:test_epsg_processing.py" time elapsed: 00:00:01
----------------------------------------------------------

End testing: Mar 18 13:22 CET
